0	30	60
0.9754011631011963	-0.18762381374835968	0.11571553349494934	-0.3413500189781189
0.20550066232681274	0.9638933539390564	-0.16934950649738312	0.013086557388305664
-0.07976332306861877	0.18896347284317017	0.9787393808364868	-0.3872847557067871
0.0	0.0	0.0	1.0
0	31	60
-0.48400604724884033	-0.49038422107696533	0.7247492074966431	-3.130526304244995
0.11198779195547104	0.7867013216018677	0.6070910692214966	-1.0217217206954956
-0.867868959903717	0.37499892711639404	-0.3258513808250427	2.2197749614715576
0.0	0.0	0.0	1.0
0	33	60
-0.046065159142017365	-0.44833245873451233	0.8926790952682495	-2.8415565490722656
0.240604430437088	0.8623394966125488	0.4455108344554901	-0.9142886400222778
-0.9695294499397278	0.23530501127243042	0.06814700365066528	1.072859525680542
0.0	0.0	0.0	1.0
0	34	60
0.41232171654701233	-0.36160245537757874	0.8362026214599609	-2.062922477722168
0.14917857944965363	0.9322657585144043	0.3295850157737732	-1.0154685974121094
-0.8987418413162231	-0.011151880025863647	0.43833670020103455	1.4549747705459595
0.0	0.0	0.0	1.0
0	35	60
0.5699726343154907	-0.18402540683746338	0.8007909059524536	-2.1821682453155518
0.23007574677467346	0.9713544249534607	0.05946236848831177	-1.1603412628173828
-0.7887943983078003	0.1503506302833557	0.5959852933883667	1.852571964263916
0.0	0.0	0.0	1.0
0	36	60
0.32856711745262146	-0.47767433524131775	0.8147827386856079	-1.784514307975769
0.31239914894104004	0.869085431098938	0.3835325241088867	-0.9484413862228394
-0.8913195133209229	0.1285214126110077	0.43477779626846313	1.717710018157959
0.0	0.0	0.0	1.0
0	37	60
0.07167685031890869	-0.6691034436225891	0.7397049069404602	-1.357113242149353
0.3603042960166931	0.7089043259620667	0.6063293814659119	-1.2057245969772339
-0.9300769567489624	0.22305914759635925	0.291892945766449	1.9482016563415527
0.0	0.0	0.0	1.0
0	38	60
-0.33233770728111267	-0.520912766456604	0.7862581014633179	-1.3262178897857666
0.2691712975502014	0.7465867400169373	0.6084036827087402	-1.2371315956115723
-0.9039353132247925	0.4138333797454834	-0.10790425539016724	2.022991180419922
0.0	0.0	0.0	1.0
0	41	60
0.5381888151168823	0.40282151103019714	-0.7403291463851929	1.1687945127487183
-0.22271904349327087	0.915139377117157	0.3360302448272705	-0.7440772652626038
0.8128643035888672	-0.015962466597557068	0.5822337865829468	1.5841565132141113
0.0	0.0	0.0	1.0
0	42	60
-0.4130431115627289	0.21116451919078827	-0.8858922123908997	1.3221200704574585
-0.48833027482032776	0.7697293758392334	0.4111570119857788	-1.0118367671966553
0.7687191367149353	0.6024335622787476	-0.21481336653232574	2.801753044128418
0.0	0.0	0.0	1.0
0	47	60
-0.8701569437980652	0.09426829218864441	-0.48367393016815186	0.18760251998901367
-0.17712149024009705	0.856101930141449	0.48550692200660706	-1.2677412033081055
0.4598422646522522	0.5081363320350647	-0.7282460927963257	4.206686019897461
0.0	0.0	0.0	1.0
0	49	60
-0.2869565486907959	-0.30924689769744873	0.9066545963287354	-2.174583911895752
0.2388751059770584	0.8934608697891235	0.38035085797309875	-1.235795259475708
-0.9276825785636902	0.32572147250175476	-0.1825130581855774	3.658907651901245
0.0	0.0	0.0	1.0
0	50	60
-0.055563777685165405	-0.39969781041145325	0.9149613380432129	-2.1971731185913086
0.22936570644378662	0.8867603540420532	0.4013073146343231	-1.396140694618225
-0.971752941608429	0.2321588099002838	0.04240532964468002	3.7308032512664795
0.0	0.0	0.0	1.0
0	51	60
0.7735576033592224	-0.023833781480789185	0.6332775354385376	-2.226905345916748
-0.3571505546569824	0.8090861439704895	0.46671485900878906	-0.7163605690002441
-0.5234999060630798	-0.587206244468689	0.6173625588417053	0.76301109790802
0.0	0.0	0.0	1.0
1	3	60
0.9102921485900879	-0.009678006172180176	-0.41385316848754883	0.046950340270996094
-0.01476430892944336	0.9983314275741577	-0.05582089349627495	-0.10986591875553131
0.4137027859687805	0.056923821568489075	0.9086306691169739	-0.06816768646240234
0.0	0.0	0.0	1.0
1	31	60
0.39591509103775024	0.8145594596862793	-0.4239622950553894	1.7016855478286743
-0.7734061479568481	0.04687774181365967	-0.6321752071380615	2.488220691680908
-0.49506986141204834	0.5781826972961426	0.6485447883605957	0.13541793823242188
0.0	0.0	0.0	1.0
1	33	60
-0.06856674700975418	-0.37744906544685364	0.9234882593154907	-3.0771756172180176
0.1316182166337967	0.9141533374786377	0.38340628147125244	-0.5012084245681763
-0.9889262318611145	0.14783677458763123	-0.013001412153244019	1.2058719396591187
0.0	0.0	0.0	1.0
1	35	60
0.5954529643058777	-0.16534115374088287	0.7861925363540649	-2.4391090869903564
0.1480889916419983	0.9844134449958801	0.09486725926399231	-0.8193992376327515
-0.7896238565444946	0.05993732810020447	0.6106570959091187	1.8664014339447021
0.0	0.0	0.0	1.0
1	36	60
0.3704027831554413	-0.4763593375682831	0.7974234819412231	-2.0026283264160156
0.22822511196136475	0.8788425326347351	0.418986439704895	-0.6677837371826172
-0.9003975987434387	0.02679792046546936	0.4342426657676697	1.6848645210266113
0.0	0.0	0.0	1.0
1	37	60
0.13279566168785095	-0.6669575572013855	0.7331666350364685	-1.6070208549499512
0.25344422459602356	0.7379752397537231	0.6254265904426575	-0.8945790529251099
-0.9581917524337769	0.10276296734809875	0.26703643798828125	1.9698121547698975
0.0	0.0	0.0	1.0
1	38	60
-0.28351524472236633	-0.5224210619926453	0.8041737675666809	-1.6117429733276367
0.17290788888931274	0.7969899773597717	0.5787138342857361	-0.9147065877914429
-0.943250834941864	0.3031221032142639	-0.13562829792499542	2.0843429565429688
0.0	0.0	0.0	1.0
1	39	60
-0.6094841957092285	-0.31586751341819763	0.7271563410758972	-1.715259313583374
0.15201428532600403	0.853622317314148	0.49821731448173523	-0.7229946851730347
-0.7780876755714417	0.4141937494277954	-0.47225308418273926	1.9588823318481445
0.0	0.0	0.0	1.0
1	47	60
0.09128295630216599	-0.0779392421245575	-0.9927703142166138	2.3869996070861816
-0.4607738256454468	0.8804868459701538	-0.11149132251739502	0.24596422910690308
0.8828107118606567	0.46761977672576904	0.044461123645305634	2.613147497177124
0.0	0.0	0.0	1.0
1	48	60
-0.7072650790214539	-0.21857821941375732	0.6723095178604126	-2.3530499935150146
0.07898575812578201	0.9206153154373169	0.38239872455596924	-0.711795449256897
-0.7025222778320312	0.3235602080821991	-0.6338544487953186	3.749171257019043
0.0	0.0	0.0	1.0
1	49	60
0.2566407322883606	0.21412867307662964	-0.9424882531166077	1.5625114440917969
-0.21891756355762482	0.9626837968826294	0.1591053605079651	0.07324525713920593
0.9413875341415405	0.16549430787563324	0.29394030570983887	0.6828738451004028
0.0	0.0	0.0	1.0
1	50	60
0.04218407720327377	-0.41920581459999084	0.9069104194641113	-2.557894468307495
0.05474737286567688	0.9073246717453003	0.4168507158756256	-0.8987675309181213
-0.9976087808609009	0.03206631541252136	0.061224907636642456	3.5679574012756348
0.0	0.0	0.0	1.0
1	51	60
0.7549926042556763	-0.4007539749145508	0.5190201997756958	-1.750853180885315
0.43785709142684937	0.8973041772842407	0.05591222271323204	-0.37738320231437683
-0.4881264269351959	0.1850433051586151	0.8529310822486877	0.6797378063201904
0.0	0.0	0.0	1.0
2	3	60
0.8068498373031616	0.06414222717285156	-0.5872644782066345	-0.10681897401809692
-0.15772034227848053	0.9813937544822693	-0.10950404405593872	-0.12561412155628204
0.569313645362854	0.18097668886184692	0.8019535541534424	0.06494426727294922
0.0	0.0	0.0	1.0
2	31	60
-0.761192798614502	0.1779024749994278	-0.6236478686332703	1.2844867706298828
-0.5380328297615051	0.36367106437683105	0.7604368329048157	-1.9873095750808716
0.36208611726760864	0.914381742477417	-0.18110638856887817	3.2056796550750732
0.0	0.0	0.0	1.0
2	33	60
0.13587939739227295	-0.23727717995643616	0.9618920683860779	-3.4759926795959473
0.24738968908786774	0.9482665061950684	0.19896933436393738	-0.08112652599811554
-0.9593411087989807	0.21092601120471954	0.18754948675632477	0.7505365610122681
0.0	0.0	0.0	1.0
2	35	60
0.7830043435096741	-0.07361635565757751	0.6176450252532959	-2.9096312522888184
0.17300209403038025	0.9795665740966797	-0.1025659441947937	-0.6856719255447388
-0.5974735617637634	0.18716324865818024	0.7797405123710632	1.295804500579834
0.0	0.0	0.0	1.0
2	37	60
0.3406466245651245	-0.5977177619934082	0.7257363796234131	-2.1944384574890137
0.3410648703575134	0.7978829741477966	0.497048556804657	-0.9208245873451233
-0.876147449016571	0.07820548117160797	0.47565677762031555	1.6342132091522217
0.0	0.0	0.0	1.0
2	39	60
-0.42849481105804443	-0.31008291244506836	0.8486701250076294	-2.2563118934631348
0.33018216490745544	0.8205695748329163	0.466525137424469	-0.7412574291229248
-0.8410540819168091	0.4801193177700043	-0.24922585487365723	1.598897933959961
0.0	0.0	0.0	1.0
2	48	60
-0.52759850025177	-0.1545572280883789	0.8353156447410583	-3.27748703956604
0.23615233600139618	0.9178663492202759	0.31898897886276245	-0.714130163192749
-0.8160099983215332	0.3655596375465393	-0.44776594638824463	3.2426881790161133
0.0	0.0	0.0	1.0
2	49	60
0.2694229185581207	0.2861386835575104	0.9195302128791809	-3.1481850147247314
-0.3049681484699249	0.9310465455055237	-0.20036645233631134	0.5922120809555054
-0.9134581089019775	-0.22644415497779846	0.33810853958129883	2.1808979511260986
0.0	0.0	0.0	1.0
2	50	60
0.24291929602622986	-0.30218905210494995	0.9217766523361206	-3.4616687297821045
0.3880353271961212	0.9011727571487427	0.1931738555431366	-0.9630008935928345
-0.8890548944473267	0.3107561469078064	0.3361722230911255	3.0403826236724854
0.0	0.0	0.0	1.0
2	51	60
0.6835554242134094	-0.2008024901151657	0.7017335891723633	-2.5391242504119873
0.27107030153274536	0.9624922871589661	0.011370843276381493	-0.3428187966346741
-0.6776964068412781	0.18244658410549164	0.7123486995697021	0.6909924149513245
0.0	0.0	0.0	1.0
3	24	60
0.9743138551712036	-0.16754692792892456	-0.15046757459640503	0.4013155400753021
0.2247931957244873	0.7634687423706055	0.6054611802101135	-1.2347607612609863
0.013434112071990967	-0.6237332820892334	0.7815217971801758	0.8606925010681152
0.0	0.0	0.0	1.0
3	25	60
-0.12342461943626404	0.08895868062973022	-0.9883586168289185	2.6178760528564453
0.22141900658607483	0.9733337163925171	0.05995619297027588	-0.14570865035057068
0.9673364162445068	-0.21144120395183563	-0.1398303508758545	2.6144001483917236
0.0	0.0	0.0	1.0
3	26	60
-0.7214598655700684	0.31636685132980347	-0.6159604787826538	2.5528173446655273
-0.0765775740146637	0.8476217985153198	0.5250452756881714	-0.8058493137359619
0.6882085800170898	0.4259680509567261	-0.5872986912727356	3.746624708175659
0.0	0.0	0.0	1.0
3	29	60
0.9261608123779297	-0.35901036858558655	0.1154903769493103	-0.9149357080459595
0.37639665603637695	0.8990288972854614	-0.22376957535743713	1.204437255859375
-0.02349376678466797	0.25071656703948975	0.9677754640579224	0.642841100692749
0.0	0.0	0.0	1.0
3	30	60
0.22348716855049133	-0.6375524401664734	-0.737278938293457	2.3024611473083496
-0.8266529440879822	-0.524746835231781	0.20318937301635742	0.4574715495109558
-0.516428530216217	0.564063549041748	-0.6443085670471191	4.432079315185547
0.0	0.0	0.0	1.0
3	32	60
-0.8373367786407471	-0.10060717165470123	-0.5373504161834717	0.8754924535751343
-0.49544644355773926	0.5551321506500244	0.6681028008460999	-1.3030965328216553
0.23108431696891785	0.825655460357666	-0.5146778225898743	4.197497844696045
0.0	0.0	0.0	1.0
3	33	60
-0.4338622987270355	-0.3892771303653717	0.8125432133674622	-2.2563509941101074
0.06521373987197876	0.8859111666679382	0.45924800634384155	-0.5474937558174133
-0.8986156582832336	0.25223949551582336	-0.35897746682167053	2.312528371810913
0.0	0.0	0.0	1.0
3	34	60
-0.003832615911960602	-0.4079689085483551	0.9129879474639893	-1.454066514968872
0.11009493470191956	0.907272458076477	0.40587711334228516	-0.6073038578033447
-0.9939138889312744	0.10207091271877289	0.041437797248363495	2.4189698696136475
0.0	0.0	0.0	1.0
3	35	60
-0.32673901319503784	0.6156997680664062	-0.7170461416244507	2.2044677734375
0.2193399965763092	-0.6885738372802734	-0.6911987662315369	1.9927608966827393
-0.919310450553894	-0.38311830163002014	0.08993655443191528	3.08493709564209
0.0	0.0	0.0	1.0
3	36	60
0.020090213045477867	-0.4705515205860138	0.8821437358856201	-1.1150246858596802
0.1664121299982071	0.8715878129005432	0.4611307978630066	-0.485458105802536
-0.9858517646789551	0.13753511011600494	0.09581587463617325	2.3758299350738525
0.0	0.0	0.0	1.0
3	37	60
-0.2275351732969284	-0.6311239004135132	0.7415592670440674	-0.6052575707435608
0.2062261402606964	0.713029146194458	0.6701197028160095	-0.7161577343940735
-0.9516818523406982	0.3054044842720032	-0.03208513557910919	2.4807724952697754
0.0	0.0	0.0	1.0
3	38	60
-0.6443905234336853	-0.38473132252693176	0.6608648896217346	-0.5589876174926758
0.12159217149019241	0.8016729950904846	0.5852656364440918	-0.6973947286605835
-0.7549676299095154	0.4574955701828003	-0.4698101282119751	2.6357874870300293
0.0	0.0	0.0	1.0
3	40	60
0.06080770492553711	0.5005742311477661	-0.8635554313659668	1.4929673671722412
-0.7356491088867188	0.6072162389755249	0.30018165707588196	-0.6306042075157166
0.6746282577514648	0.6170206069946289	0.4051702618598938	1.3211240768432617
0.0	0.0	0.0	1.0
3	41	60
-0.9995406270027161	0.010290458798408508	-0.028509795665740967	-0.35413822531700134
-0.009310722351074219	0.7908834218978882	0.6118960380554199	-0.4935183823108673
0.028844576328992844	0.6118806004524231	-0.7904244661331177	3.1594953536987305
0.0	0.0	0.0	1.0
3	42	60
0.865481972694397	0.13550564646720886	-0.48226454854011536	1.31565523147583
-0.4866161346435547	-0.0011521577835083008	-0.8736150860786438	3.2080249786376953
-0.1189352422952652	0.9907758235931396	0.06494210660457611	2.461081027984619
0.0	0.0	0.0	1.0
3	44	60
0.8052919507026672	0.4327430725097656	-0.4052632451057434	0.42702341079711914
-0.5577316880226135	0.7847923040390015	-0.27025237679481506	0.9779419898986816
0.20109763741493225	0.4436601996421814	0.8733415603637695	-0.46033668518066406
0.0	0.0	0.0	1.0
3	45	60
0.6989615559577942	-0.07181397825479507	0.7115442752838135	-2.662600517272949
0.1510944962501526	0.9873148798942566	-0.04877592623233795	0.6391656398773193
-0.6990154981613159	0.14160293340682983	0.7009460926055908	-0.5589544773101807
0.0	0.0	0.0	1.0
3	46	60
0.38920533657073975	-0.6895077228546143	0.6108179092407227	-1.5230135917663574
0.1929800659418106	0.7094215154647827	0.677849531173706	-0.9138933420181274
-0.9007098078727722	-0.1459469497203827	0.40917184948921204	1.5042589902877808
0.0	0.0	0.0	1.0
3	48	60
-0.993729829788208	-0.05689153075218201	0.09625077247619629	0.020493358373641968
0.010215967893600464	0.8110605478286743	0.5848730802536011	-1.0054945945739746
-0.1113395243883133	0.5821893215179443	-0.8053940534591675	4.4345598220825195
0.0	0.0	0.0	1.0
3	49	60
0.8378995060920715	0.5222783088684082	0.15858635306358337	-0.09994107484817505
-0.4969401955604553	0.609766960144043	0.6174420118331909	-0.7330607771873474
0.2257758378982544	-0.5961621999740601	0.770464301109314	0.08753156661987305
0.0	0.0	0.0	1.0
4	8	60
0.9405218362808228	0.10744651407003403	-0.3222951591014862	1.2572247982025146
0.07083157449960709	0.8658057451248169	0.49534276127815247	-1.1674377918243408
0.3322676122188568	-0.4887090027332306	0.8066981434822083	1.7627229690551758
0.0	0.0	0.0	1.0
4	24	60
-0.9573144316673279	-0.18642261624336243	0.22089584171772003	-0.35897183418273926
-0.05919981002807617	0.8744753003120422	0.48144420981407166	-1.1757750511169434
-0.28292030096054077	0.44781652092933655	-0.8481841683387756	5.1371588706970215
0.0	0.0	0.0	1.0
4	25	60
-0.8177449107170105	-0.17145700752735138	-0.5494502782821655	2.450230598449707
-0.10639064013957977	-0.8931263089179993	0.43704304099082947	-0.9695547819137573
-0.5656625628471375	0.4158461093902588	0.7121080756187439	2.128654956817627
0.0	0.0	0.0	1.0
4	26	60
-0.43554162979125977	-0.7801608443260193	0.4490574598312378	-0.045891523361206055
-0.5894932150840759	-0.12981092929840088	-0.7972747087478638	1.973729133605957
0.6802951097488403	-0.6119625568389893	-0.40336138010025024	3.532745361328125
0.0	0.0	0.0	1.0
4	29	60
-0.8776179552078247	0.1485174000263214	0.4557732343673706	-0.17773383855819702
0.35515451431274414	0.8400292992591858	0.4101404845714569	-0.4610454738140106
-0.3219497799873352	0.5218170881271362	-0.789971649646759	5.384577751159668
0.0	0.0	0.0	1.0
4	30	60
-0.7090733051300049	0.45642343163490295	-0.5374874472618103	1.4659082889556885
0.2634541988372803	0.8785289525985718	0.39847037196159363	-1.0888137817382812
0.6540695428848267	0.140941321849823	-0.7431882619857788	4.918264389038086
0.0	0.0	0.0	1.0
4	31	60
-0.8173684477806091	0.39663219451904297	0.4178417921066284	-1.0274219512939453
-0.24738332629203796	-0.8966397047042847	0.36720332503318787	-0.21091771125793457
0.520298182964325	0.19677305221557617	0.831005334854126	1.0294493436813354
0.0	0.0	0.0	1.0
4	32	60
-0.11876408755779266	0.9915992617607117	0.05124509334564209	-0.05057844519615173
-0.3576139807701111	0.005429297685623169	-0.9338537454605103	2.279277801513672
-0.9262867569923401	-0.1292344033718109	0.35396483540534973	1.004819631576538
0.0	0.0	0.0	1.0
4	42	60
-0.8731212019920349	0.2580641210079193	-0.4135967493057251	1.1945385932922363
-0.17409829795360565	0.627392590045929	0.7589917182922363	-1.291662335395813
0.45535606145858765	0.7346982955932617	-0.5028612017631531	3.615732431411743
0.0	0.0	0.0	1.0
4	44	60
-0.04123401641845703	0.4422847628593445	-0.895926296710968	2.2544643878936768
-0.108665332198143	0.8893849849700928	0.44405674934387207	-0.8834501504898071
0.9932228326797485	0.1156664565205574	0.011388182640075684	2.3904340267181396
0.0	0.0	0.0	1.0
4	45	60
-0.12301948666572571	0.16190247237682343	-0.9791087508201599	2.419390916824341
-0.18976245820522308	0.9645606279373169	0.18333956599235535	-0.34689024090766907
0.9740927219390869	0.20835241675376892	-0.08793658018112183	2.5668697357177734
0.0	0.0	0.0	1.0
4	47	60
-0.6119322180747986	0.6058180332183838	0.5084518194198608	-1.2625750303268433
0.07967621088027954	0.6868184208869934	-0.7224488258361816	2.3327748775482178
-0.7868865728378296	-0.40157803893089294	-0.4685556888580322	3.9131240844726562
0.0	0.0	0.0	1.0
5	6	60
0.9214133024215698	-0.06620074808597565	0.382904052734375	0.09902200102806091
0.05284389853477478	0.9975743293762207	0.045309122651815414	0.021194875240325928
-0.38497471809387207	-0.0215141661465168	0.9226765632629395	-0.09511280059814453
0.0	0.0	0.0	1.0
5	11	60
0.8616161942481995	0.14491285383701324	-0.48643386363983154	1.4945881366729736
0.15454719960689545	0.8379642367362976	0.5233849883079529	-0.8116605281829834
0.48345938324928284	-0.5261338949203491	0.6996076107025146	1.3369513750076294
0.0	0.0	0.0	1.0
5	15	60
-0.11764171719551086	0.572522759437561	-0.8114049434661865	1.8804304599761963
-0.4309265613555908	0.7067091464996338	0.5611280202865601	-1.0889577865600586
0.8946858048439026	0.4156681001186371	0.16357682645320892	3.2083892822265625
0.0	0.0	0.0	1.0
5	40	60
-0.4207606911659241	0.30919063091278076	-0.8528550863265991	1.86312997341156
-0.3503412902355194	-0.9225720167160034	-0.16162262856960297	1.0655488967895508
-0.8367922306060791	0.2307860106229782	0.49650439620018005	1.6620838642120361
0.0	0.0	0.0	1.0
6	8	60
0.976933479309082	0.1516197770833969	0.15037471055984497	0.4526541829109192
-0.2026018500328064	0.8806188702583313	0.4283255636692047	-0.821869432926178
-0.06748022139072418	-0.4489116668701172	0.8910244703292847	1.7161383628845215
0.0	0.0	0.0	1.0
6	9	60
-0.32405948638916016	0.7824737429618835	-0.5317143201828003	1.4044432640075684
0.03241918981075287	0.5708989500999451	0.8203798532485962	-1.08573579788208
0.9454808831214905	0.24861431121826172	-0.21037226915359497	3.5540339946746826
0.0	0.0	0.0	1.0
6	10	60
0.5262928009033203	0.8266204595565796	0.19928398728370667	-0.037922680377960205
0.3930915892124176	-0.4443468451499939	0.805006206035614	-0.8332332968711853
0.7539858222007751	-0.3453321158885956	-0.558793842792511	4.125104904174805
0.0	0.0	0.0	1.0
6	24	60
-0.9345479011535645	-0.03557362034916878	0.3540544807910919	-0.5609444975852966
0.10591431707143784	0.9220842719078064	0.3722134530544281	-0.654861330986023
-0.3397091031074524	0.38535067439079285	-0.8579641580581665	5.089341163635254
0.0	0.0	0.0	1.0
6	25	60
-0.7640026211738586	-0.49609410762786865	-0.41254159808158875	2.2713027000427246
-0.6438645720481873	0.5448870658874512	0.5371556282043457	-0.6124157309532166
-0.04169096052646637	0.6760092377662659	-0.7357127070426941	4.907135963439941
0.0	0.0	0.0	1.0
6	26	60
-0.9456242322921753	0.0019448800012469292	-0.32525524497032166	2.2289505004882812
0.01982603594660759	0.9984674453735352	-0.05167008936405182	0.28974205255508423
0.32465627789497375	-0.055308997631073	-0.9442136287689209	5.10117244720459
0.0	0.0	0.0	1.0
6	29	60
0.5413165092468262	0.4142826795578003	0.7316735982894897	-0.595341145992279
-0.5398715138435364	0.8383742570877075	-0.07528290152549744	0.7524471879005432
-0.6446045637130737	-0.3542579114437103	0.6774854063987732	1.6084717512130737
0.0	0.0	0.0	1.0
6	30	60
-0.9389855861663818	-0.1813036948442459	0.29229238629341125	-0.01745671033859253
-0.05352112650871277	0.9164614677429199	0.3965270519256592	-0.9265203475952148
-0.33976680040359497	0.3566893935203552	-0.8702478408813477	4.767067909240723
0.0	0.0	0.0	1.0
6	31	60
-0.7465847134590149	-0.5635879039764404	0.35352519154548645	-0.2373131513595581
-0.25712457299232483	0.7345281839370728	0.6279769539833069	-0.9177693724632263
-0.613594651222229	0.37793800234794617	-0.6932997703552246	3.789583683013916
0.0	0.0	0.0	1.0
6	42	60
-0.8305907249450684	0.5419124960899353	0.12825645506381989	-0.13323594629764557
0.5549502968788147	0.7862849831581116	0.2716352641582489	0.05149644613265991
0.04635635018348694	0.29679369926452637	-0.9538156390190125	4.637582778930664
0.0	0.0	0.0	1.0
6	43	60
-0.11198820918798447	0.4529387950897217	-0.8844798803329468	2.1833083629608154
-0.10120710730552673	0.8802518248558044	0.463588148355484	-0.8140499591827393
0.9885423183441162	0.14143195748329163	-0.05273747816681862	2.7942988872528076
0.0	0.0	0.0	1.0
6	44	60
-0.18609192967414856	0.20290203392505646	-0.9613533020019531	2.3514111042022705
-0.13399061560630798	0.9640626907348633	0.22941085696220398	-0.27815258502960205
0.9733527898788452	0.17150378227233887	-0.15221720933914185	2.808452606201172
0.0	0.0	0.0	1.0
6	45	60
-0.04696911573410034	0.15813301503658295	-0.9863002300262451	2.4098780155181885
-0.12914033234119415	0.9781423211097717	0.16297484934329987	-0.16663074493408203
0.9905135631561279	0.13502582907676697	-0.02552095055580139	2.4702324867248535
0.0	0.0	0.0	1.0
6	46	60
0.019690016284585	0.1786334067583084	0.983718991279602	-2.40779709815979
-0.19929933547973633	0.9648644924163818	-0.17122042179107666	0.5739367008209229
-0.9797409772872925	-0.19268321990966797	0.05459959805011749	1.659621238708496
0.0	0.0	0.0	1.0
6	47	60
-0.42115387320518494	0.5119155645370483	0.7487132549285889	-1.2581027746200562
0.09511853009462357	0.8458698391914368	-0.524839460849762	1.7516627311706543
-0.9019873142242432	-0.14982165396213531	-0.4049341380596161	3.575183868408203
0.0	0.0	0.0	1.0
7	9	60
0.9423248171806335	0.14955779910087585	-0.2994270920753479	0.5592527389526367
-0.09385307133197784	0.9767937660217285	0.19252470135688782	-0.4335734248161316
0.32127201557159424	-0.1533186137676239	0.9344931840896606	1.5792790651321411
0.0	0.0	0.0	1.0
7	10	60
0.6662684679031372	0.28495755791664124	-0.689119279384613	0.7729396820068359
-0.17408885061740875	0.9580116271972656	0.22783099114894867	-0.4484856128692627
0.7251065969467163	-0.031828612089157104	0.687900960445404	1.5851287841796875
0.0	0.0	0.0	1.0
7	24	60
-0.7921757102012634	0.2371414601802826	0.5623360276222229	-1.5898228883743286
0.25571581721305847	0.9656100869178772	-0.04697275906801224	0.2611337900161743
-0.5541367530822754	0.10658731311559677	-0.8255735635757446	4.410929203033447
0.0	0.0	0.0	1.0
7	25	60
-0.18609404563903809	-0.10626204311847687	0.9767687916755676	-1.8088737726211548
0.23929812014102936	0.9592970609664917	0.14995241165161133	-0.6561654806137085
-0.9529455900192261	0.26164424419403076	-0.15309110283851624	3.7628469467163086
0.0	0.0	0.0	1.0
7	26	60
-0.6532901525497437	0.23621731996536255	-0.7193146347999573	2.2725369930267334
-0.037355028092861176	0.9388686418533325	0.3422434329986572	-0.6604596376419067
0.7561856508255005	0.25045424699783325	-0.6045294404029846	3.675009250640869
0.0	0.0	0.0	1.0
7	28	60
0.7195724248886108	0.41528600454330444	-0.5565544366836548	0.47727563977241516
-0.40104711055755615	0.9028236865997314	0.15514665842056274	0.08530333638191223
0.5669008493423462	0.11156537383794785	0.8161965608596802	0.5768251419067383
0.0	0.0	0.0	1.0
7	29	60
-0.4891970157623291	0.11544882506132126	0.8644986152648926	-1.7393243312835693
0.07260429859161377	0.9931507706642151	-0.09154464304447174	0.7686092853546143
-0.8691461086273193	0.01798323541879654	-0.49422818422317505	4.012601375579834
0.0	0.0	0.0	1.0
7	30	60
-0.5709370374679565	-0.21339713037014008	0.7927752733230591	-1.4183387756347656
0.25897225737571716	0.8695186376571655	0.4205600321292877	-0.9954306483268738
-0.7790794968605042	0.4454197585582733	-0.4411762058734894	3.2438340187072754
0.0	0.0	0.0	1.0
7	31	60
-0.7446630597114563	-0.37989652156829834	0.5487764477729797	-1.0250349044799805
0.19527378678321838	0.6622270345687866	0.7234112024307251	-1.015818476676941
-0.6382361054420471	0.6458590030670166	-0.4189523458480835	2.8215014934539795
0.0	0.0	0.0	1.0
7	43	60
-0.21194696426391602	0.336062490940094	-0.9176821112632751	1.7348906993865967
-0.25631701946258545	0.8870280981063843	0.3840354084968567	-0.7812439203262329
0.943069577217102	0.31661272048950195	-0.10186444222927094	2.374094009399414
0.0	0.0	0.0	1.0
7	44	60
-0.19759047031402588	0.24986080825328827	-0.9479071497917175	1.8282464742660522
-0.20368830859661102	0.935401976108551	0.28902313113212585	-0.4706178605556488
0.9588894844055176	0.2501857280731201	-0.13393282890319824	2.2726869583129883
0.0	0.0	0.0	1.0
7	45	60
-0.09635639190673828	0.2002188116312027	-0.9750014543533325	1.8823739290237427
-0.21319091320037842	0.9526748657226562	0.21670304238796234	-0.3525127172470093
0.9722476005554199	0.22874219715595245	-0.04911142960190773	2.025975465774536
0.0	0.0	0.0	1.0
7	47	60
-0.8715975284576416	0.46555718779563904	0.15353968739509583	-0.13350972533226013
0.4092201888561249	0.8634234666824341	-0.2950234115123749	1.0741593837738037
-0.2699202299118042	-0.19431036710739136	-0.9430729150772095	4.664706230163574
0.0	0.0	0.0	1.0
8	11	60
-0.9432194232940674	0.008454814553260803	-0.3320622444152832	0.5538367033004761
-0.15584413707256317	0.8715578317642212	0.4648650288581848	-0.8135892748832703
0.29334163665771484	0.4902198910713196	-0.820752739906311	4.339754581451416
0.0	0.0	0.0	1.0
8	25	60
-0.034769609570503235	-0.1827433556318283	0.9825456738471985	-2.0450778007507324
0.2489183098077774	0.9505735635757446	0.1856054961681366	-0.5409229397773743
-0.967900276184082	0.2510268986225128	0.01243707537651062	2.471088171005249
0.0	0.0	0.0	1.0
8	30	60
-0.5144398808479309	-0.5700130462646484	0.6406535506248474	-1.173013687133789
0.40540242195129395	0.49667108058929443	0.7674416899681091	-1.3325228691101074
-0.7556458711624146	0.6545250415802002	-0.02442270517349243	1.4897743463516235
0.0	0.0	0.0	1.0
8	44	60
0.9733089804649353	-0.09622867405414581	0.20834966003894806	-0.5723235011100769
0.053852275013923645	0.9782639145851135	0.20025093853473663	-0.49794888496398926
-0.2230907678604126	-0.1836857795715332	0.9573349952697754	-0.10693144798278809
0.0	0.0	0.0	1.0
8	45	60
0.7347696423530579	-0.2564376890659332	-0.6279752850532532	0.5558691024780273
0.25718656182289124	0.9619812965393066	-0.09190719574689865	-0.020785242319107056
0.627669095993042	-0.09397602081298828	0.7727872133255005	0.1717742681503296
0.0	0.0	0.0	1.0
9	11	60
0.5739921927452087	0.24434056878089905	-0.7815564274787903	0.09015810489654541
-0.23574411869049072	0.9633436799049377	0.1280379295349121	-0.23924380540847778
0.7841922640800476	0.11075460910797119	0.6105538010597229	0.6375961303710938
0.0	0.0	0.0	1.0
9	24	60
-0.8418985605239868	-0.4075087904930115	0.3537559509277344	-1.3082166910171509
0.21184805035591125	0.35333243012428284	0.9111948609352112	-1.8095917701721191
-0.4963134229183197	0.8420760631561279	-0.2111404538154602	1.5686269998550415
0.0	0.0	0.0	1.0
9	26	60
-0.3184787929058075	-0.39266708493232727	0.8627766370773315	-1.6119320392608643
0.32868966460227966	0.8079574704170227	0.489047646522522	-1.079955816268921
-0.8891197443008423	0.4393371343612671	-0.12825173139572144	2.342852830886841
0.0	0.0	0.0	1.0
9	28	60
0.5891944766044617	-0.1988256275653839	0.7831463813781738	-2.147798538208008
0.44560447335243225	0.888486385345459	-0.10967779159545898	-0.16813403367996216
-0.6740077137947083	0.4135952591896057	0.6120887994766235	0.8976214528083801
0.0	0.0	0.0	1.0
9	29	60
-0.6382282376289368	-0.3704909086227417	0.6748343706130981	-1.7344850301742554
0.31747952103614807	0.6719056367874146	0.6691411137580872	-0.9745655655860901
-0.7013356685638428	0.6413109302520752	-0.3112056255340576	2.4450128078460693
0.0	0.0	0.0	1.0
9	30	60
-0.7055715918540955	-0.4183730483055115	0.5719552636146545	-1.1454930305480957
0.3922085165977478	0.44167181849479675	0.8069069385528564	-1.3709522485733032
-0.5902044773101807	0.7936563491821289	-0.1475413739681244	1.1733957529067993
0.0	0.0	0.0	1.0
9	43	60
0.15329405665397644	0.30687546730041504	-0.9393232464790344	1.3913295269012451
-0.32459884881973267	0.9134498238563538	0.24544937908649445	-0.3383156657218933
0.9333469271659851	0.26727771759033203	0.2396373301744461	0.37450480461120605
0.0	0.0	0.0	1.0
9	44	60
0.16801466047763824	0.20780044794082642	-0.9636339545249939	1.3891222476959229
-0.30525442957878113	0.9404500126838684	0.14957833290100098	-0.007012605667114258
0.9373318552970886	0.2690221965312958	0.22144167125225067	0.3069727420806885
0.0	0.0	0.0	1.0
9	45	60
0.27402061223983765	0.14605998992919922	-0.9505679607391357	1.3288776874542236
-0.2900058627128601	0.9549403786659241	0.06313164532184601	0.15162502229213715
0.9169567227363586	0.25837093591690063	0.30403193831443787	0.05353116989135742
0.0	0.0	0.0	1.0
10	12	60
0.8386081457138062	0.21263182163238525	-0.5015223026275635	-0.0066893696784973145
-0.16607452929019928	0.9766381978988647	0.1363706886768341	-0.35090547800064087
0.5188028812408447	-0.03107166290283203	0.8543292284011841	1.4441343545913696
0.0	0.0	0.0	1.0
10	13	60
0.617429792881012	0.4506553113460541	-0.6447403430938721	0.24854809045791626
-0.340771347284317	0.8919614553451538	0.2971193194389343	-0.5919978618621826
0.7089819312095642	0.03625893592834473	0.7042939066886902	2.0468666553497314
0.0	0.0	0.0	1.0
10	15	60
0.44744178652763367	-0.1369933784008026	-0.8837581872940063	0.8256564140319824
0.053627029061317444	-0.9823096394538879	0.1794210821390152	-0.014438316226005554
-0.8927039504051208	-0.1276736855506897	-0.4321797490119934	2.8383231163024902
0.0	0.0	0.0	1.0
10	17	60
0.5630519390106201	0.3439629375934601	-0.7514398097991943	0.5283117294311523
0.015681535005569458	-0.9135524034500122	-0.4064181447029114	1.0060904026031494
-0.8262726068496704	0.2170507311820984	-0.5197713375091553	2.9116897583007812
0.0	0.0	0.0	1.0
10	22	60
-0.843234121799469	0.3229248821735382	-0.429739385843277	-0.651335597038269
-0.2834002375602722	0.4122513234615326	0.8658711910247803	-1.116555094718933
0.4567721486091614	0.851920485496521	-0.25610753893852234	3.300062656402588
0.0	0.0	0.0	1.0
10	28	60
-0.5877441167831421	-0.17023952305316925	0.7909331321716309	-0.34283924102783203
0.42351001501083374	0.7682299613952637	0.4800639748573303	-1.2705645561218262
-0.6893447637557983	0.6171231269836426	-0.37942472100257874	2.95931077003479
0.0	0.0	0.0	1.0
10	29	60
-0.9104591608047485	-0.17440593242645264	0.3750290274620056	-0.5157538056373596
0.17214664816856384	0.6646782755851746	0.7270270586013794	-1.085412621498108
-0.3760712742805481	0.7264884114265442	-0.5751391649246216	3.0888993740081787
0.0	0.0	0.0	1.0
10	43	60
0.6128054261207581	0.22850599884986877	-0.7564749121665955	1.2781647443771362
-0.25114408135414124	0.9639654755592346	0.08773519843816757	-0.06893336772918701
0.7492637634277344	0.13621951639652252	0.6481111645698547	-0.21286118030548096
0.0	0.0	0.0	1.0
10	44	60
0.6108253598213196	0.1380295753479004	-0.7796412706375122	1.2063915729522705
-0.2213672250509262	0.9751902222633362	-0.0007844977080821991	0.22359588742256165
0.760190486907959	0.17306587100028992	0.6262263655662537	-0.22951960563659668
0.0	0.0	0.0	1.0
10	45	60
0.6971282958984375	0.07823142409324646	-0.7126657366752625	1.003363013267517
-0.1936473846435547	0.9776292443275452	-0.08210812509059906	0.3609154522418976
0.690299391746521	0.19524571299552917	0.6966820359230042	-0.420698881149292
0.0	0.0	0.0	1.0
11	13	60
0.947583794593811	0.19960346817970276	-0.24948492646217346	0.6503856182098389
-0.13411131501197815	0.9572081565856934	0.25645017623901367	-0.4217372536659241
0.2899973392486572	-0.2095491886138916	0.9338041543960571	1.3410345315933228
0.0	0.0	0.0	1.0
11	18	60
0.5537316799163818	0.584470808506012	-0.5931065678596497	0.9426119327545166
-0.2830154299736023	0.8019701838493347	0.5260666608810425	-1.0559024810791016
0.7831243276596069	-0.12344144284725189	0.6094903945922852	2.3400766849517822
0.0	0.0	0.0	1.0
11	20	60
0.6285879015922546	0.4275580644607544	-0.6496700644493103	0.5063903331756592
-0.26633626222610474	0.9031630158424377	0.3366923928260803	-1.197185754776001
0.7307134866714478	-0.03861013054847717	0.6815915107727051	2.6895859241485596
0.0	0.0	0.0	1.0
11	21	60
0.027067668735980988	0.6791582107543945	-0.7334926128387451	0.49405014514923096
-0.38554251194000244	0.6840837001800537	0.6191820502281189	-1.1155519485473633
0.922292947769165	0.2660329043865204	0.2803608775138855	2.8140671253204346
0.0	0.0	0.0	1.0
11	22	60
-0.3648425042629242	0.6852194666862488	-0.6303681135177612	0.6222423315048218
-0.40055719017982483	0.4956655502319336	0.7706290483474731	-0.94742351770401
0.8405017852783203	0.5336569547653198	0.09362983703613281	2.6656272411346436
0.0	0.0	0.0	1.0
11	23	60
-0.4548099935054779	0.8492789268493652	-0.26809191703796387	-0.43243709206581116
-0.25783175230026245	-0.41369980573654175	-0.8731411695480347	2.1227779388427734
-0.8524498343467712	-0.32799094915390015	0.40712597966194153	1.5863888263702393
0.0	0.0	0.0	1.0
11	44	60
-0.4905833899974823	0.3339320719242096	-0.8048707842826843	3.3825173377990723
0.6347284317016602	0.7697809934616089	-0.06750492751598358	-0.39488494396209717
0.5970321297645569	-0.5439914464950562	-0.5895981788635254	3.7128608226776123
0.0	0.0	0.0	1.0
11	45	60
0.8081108927726746	0.09443029761314392	-0.5814117193222046	1.2655296325683594
-0.1994996964931488	0.9726061820983887	-0.1193205714225769	0.5696696043014526
0.5542169809341431	0.21241603791713715	0.8048125505447388	-0.966721773147583
0.0	0.0	0.0	1.0
12	19	60
0.8829610347747803	0.31118619441986084	-0.3514866828918457	0.636573076248169
-0.23712582886219025	0.9418323040008545	0.23816648125648499	-1.2796189785003662
0.40515565872192383	-0.12694528698921204	0.9053915739059448	1.8373351097106934
0.0	0.0	0.0	1.0
12	20	60
0.7072619199752808	0.41276878118515015	-0.5739359855651855	0.6801556944847107
-0.3632185161113739	0.9086655378341675	0.20590880513191223	-1.2756431102752686
0.6065089702606201	0.06283286213874817	0.7925899624824524	1.7220133543014526
0.0	0.0	0.0	1.0
12	22	60
-0.3454906940460205	0.6841158866882324	-0.6423563957214355	0.5787267684936523
-0.5341506004333496	0.419438898563385	0.7339987754821777	-0.9293593168258667
0.7715693116188049	0.5967046022415161	0.22050872445106506	1.6546521186828613
0.0	0.0	0.0	1.0
13	19	60
0.9767886400222778	0.13699160516262054	-0.16467396914958954	0.43431997299194336
-0.11544912308454514	0.9842363595962524	0.13397833704948425	-1.1768627166748047
0.18043196201324463	-0.11185711622238159	0.9772063493728638	1.2608050107955933
0.0	0.0	0.0	1.0
13	20	60
0.8591010570526123	0.30049189925193787	-0.414307177066803	0.47963225841522217
-0.2976604700088501	0.9518651962280273	0.0731518566608429	-1.1347668170928955
0.41634607315063477	0.060478001832962036	0.9071927070617676	1.1339370012283325
0.0	0.0	0.0	1.0
13	21	60
0.3806914985179901	0.6360869407653809	-0.6711688041687012	0.3443624973297119
-0.5440916419029236	0.7409635782241821	0.39362090826034546	-1.011127233505249
0.7476887702941895	0.2153291255235672	0.628167986869812	1.2095921039581299
0.0	0.0	0.0	1.0
13	22	60
-0.13815701007843018	0.7151351571083069	-0.6851967573165894	0.3675878643989563
-0.6228822469711304	0.4751429855823517	0.62149578332901	-0.8078796863555908
0.7700199484825134	0.5126609206199646	0.37980055809020996	1.1743035316467285
0.0	0.0	0.0	1.0
14	19	60
0.9965912699699402	-0.009751414880156517	0.08192078769207001	0.37493830919265747
-0.011451350525021553	0.9670265913009644	0.25441837310791016	-0.8681026697158813
-0.08170048892498016	-0.2544892132282257	0.9636184573173523	1.0543692111968994
0.0	0.0	0.0	1.0
14	22	60
0.18189813196659088	0.7537614703178406	-0.6314718127250671	0.22001707553863525
-0.5337501168251038	0.6150299310684204	0.5803866982460022	-0.5442987680435181
0.8258469700813293	0.231477290391922	0.5141932368278503	0.9978636503219604
0.0	0.0	0.0	1.0
15	19	60
0.8296122550964355	-0.3141990900039673	0.4615436792373657	0.4695212244987488
0.18311487138271332	0.9340256452560425	0.3067004084587097	-0.7350181937217712
-0.5274586081504822	-0.16992691159248352	0.8324134945869446	0.7941939830780029
0.0	0.0	0.0	1.0
15	22	60
0.6549314856529236	0.612658679485321	-0.44239541888237	0.25060439109802246
-0.43086570501327515	0.7836825847625732	0.4474330544471741	-0.46106231212615967
0.6208212971687317	-0.10242503881454468	0.77723228931427	0.8371987342834473
0.0	0.0	0.0	1.0
15	23	60
-0.902994692325592	-0.3980313837528229	0.16177619993686676	-0.6567854881286621
-0.33887943625450134	0.4283369481563568	-0.8376682996749878	1.4513120651245117
0.2641235589981079	-0.8112326860427856	-0.5216706991195679	3.3527164459228516
0.0	0.0	0.0	1.0
16	22	60
0.40474724769592285	0.7386341691017151	-0.5390725135803223	0.0665326714515686
-0.5592697858810425	0.6663610935211182	0.49313265085220337	-0.12439613044261932
0.7234617471694946	0.1018930971622467	0.6828038096427917	0.7835218906402588
0.0	0.0	0.0	1.0
17	19	60
0.949583888053894	0.27414602041244507	0.15209928154945374	0.8162170052528381
-0.06337766349315643	0.6429869532585144	-0.7632501721382141	0.6508909463882446
-0.30703988671302795	0.7151304483413696	0.627944827079773	0.9399481415748596
0.0	0.0	0.0	1.0
17	20	60
0.9533742666244507	-0.09861090034246445	0.28522515296936035	0.432023286819458
0.12784460186958313	0.9880833625793457	-0.0857149213552475	-0.4560403823852539
-0.2733737528324127	0.1181829422712326	0.9546202421188354	0.5445609092712402
0.0	0.0	0.0	1.0
17	23	60
-0.7965157628059387	0.2685757875442505	0.5416915416717529	-1.6324231624603271
-0.5885589718818665	-0.5495368242263794	-0.5929650068283081	1.3787846565246582
0.13842347264289856	-0.7911234498023987	0.5957872867584229	1.1774911880493164
0.0	0.0	0.0	1.0
18	22	60
0.48112723231315613	0.671649694442749	-0.5633854866027832	0.04055964946746826
-0.6797945499420166	0.6916260123252869	0.2439938336610794	-0.17401140928268433
0.5535305738449097	0.2655943036079407	0.789344072341919	0.5451979637145996
0.0	0.0	0.0	1.0
19	21	60
-0.7801876068115234	0.3354196846485138	0.5280160903930664	-1.3251028060913086
-0.5158320665359497	-0.8224681615829468	-0.23971539735794067	0.07271245867013931
0.3538709282875061	-0.45939064025878906	0.814699649810791	-0.008457303047180176
0.0	0.0	0.0	1.0
20	22	60
-0.10039358586072922	-0.7993492484092712	0.5924201607704163	-2.023300886154175
-0.4374311566352844	-0.4993337094783783	-0.7478767037391663	1.4277904033660889
0.8936301469802856	-0.3342250883579254	-0.2995304763317108	1.2134983539581299
0.0	0.0	0.0	1.0
21	23	60
0.7192153930664062	0.24653050303459167	-0.6495789289474487	-0.20802044868469238
-0.42149877548217773	0.8980536460876465	-0.12585175037384033	-0.06891848146915436
0.5523300170898438	0.36431121826171875	0.7498061656951904	-0.14765048027038574
0.0	0.0	0.0	1.0
22	31	60
0.9416534304618835	0.12678350508213043	-0.31179186701774597	-1.071916937828064
-0.22784413397312164	0.9219391345977783	-0.3132331371307373	-0.5789892673492432
0.24774031341075897	0.3659971356391907	0.8970345258712769	0.18481981754302979
0.0	0.0	0.0	1.0
22	32	60
0.997855007648468	-0.03944132477045059	0.052241891622543335	-1.0500354766845703
0.04827063903212547	0.9824274778366089	-0.18029257655143738	-0.7442026734352112
-0.044212982058525085	0.18242771923542023	0.9822245240211487	0.05696284770965576
0.0	0.0	0.0	1.0
22	42	60
-0.8866697549819946	0.2901257276535034	-0.3600609302520752	1.790010690689087
0.4496455490589142	0.7226220369338989	-0.5250105261802673	0.6533914804458618
0.10786876082420349	-0.627410888671875	-0.7711808085441589	3.774904251098633
0.0	0.0	0.0	1.0
22	43	60
0.49690136313438416	0.848189651966095	0.1834752857685089	-1.6564760208129883
0.7382075786590576	-0.3019888401031494	-0.6032017469406128	1.1942615509033203
-0.4562217891216278	0.43517470359802246	-0.7761988043785095	4.060482025146484
0.0	0.0	0.0	1.0
23	24	60
0.8671324849128723	0.13058710098266602	-0.48065435886383057	-0.05496418476104736
-0.15243463218212128	0.9882922172546387	-0.006497025489807129	-0.06437939405441284
0.47417861223220825	0.07890212535858154	0.8768860697746277	0.07963013648986816
0.0	0.0	0.0	1.0
23	30	60
0.7933197617530823	0.07839284092187881	-0.6037363409996033	-0.2576163411140442
-0.15823763608932495	0.9841433763504028	-0.08013984560966492	-0.2058032751083374
0.5878809690475464	0.1591106355190277	0.793145477771759	0.39784979820251465
0.0	0.0	0.0	1.0
23	43	60
-0.26635873317718506	-0.2941913604736328	0.9178805351257324	-3.0006933212280273
0.38040220737457275	0.8428987264633179	0.38054704666137695	-1.0509757995605469
-0.8856339454650879	0.45052552223205566	-0.11260245740413666	2.402292251586914
0.0	0.0	0.0	1.0
23	44	60
-0.48910263180732727	-0.1662478744983673	0.8562363386154175	-2.7032558917999268
0.41437649726867676	0.8195226788520813	0.3958209455013275	-1.0723371505737305
-0.7675098180770874	0.5484012365341187	-0.33194154500961304	2.9925947189331055
0.0	0.0	0.0	1.0
23	45	60
-0.4615292251110077	-0.14411382377147675	0.8753411769866943	-2.7642698287963867
0.4234668016433716	0.831252932548523	0.36013078689575195	-1.0813429355621338
-0.7795295715332031	0.536888837814331	-0.3226199746131897	3.011652946472168
0.0	0.0	0.0	1.0
23	46	60
-0.10132671892642975	-0.20397211611270905	0.9737189412117004	-3.0543696880340576
0.4219008982181549	0.87757408618927	0.2277355194091797	-0.7924810647964478
-0.900962233543396	0.43388837575912476	-0.0028655007481575012	2.415487289428711
0.0	0.0	0.0	1.0
23	47	60
0.13537989556789398	-0.3156333267688751	0.9391741752624512	-3.1860406398773193
0.44952261447906494	0.8642931580543518	0.2256699502468109	-0.7369120717048645
-0.8829506635665894	0.39162859320640564	0.25889214873313904	2.298567533493042
0.0	0.0	0.0	1.0
24	27	60
0.5577009320259094	0.09422582387924194	-0.824676513671875	0.058211445808410645
0.03729197382926941	0.9896882176399231	0.13829924166202545	-0.23412111401557922
0.8292038440704346	-0.1078834980726242	0.5484361052513123	0.37109386920928955
0.0	0.0	0.0	1.0
24	32	60
0.7072480320930481	-0.3619893193244934	0.6072593927383423	-0.29222261905670166
0.12684553861618042	0.9100017547607422	0.3947235643863678	-0.508536696434021
-0.6954928636550903	-0.20213916897773743	0.6895138025283813	0.8871234655380249
0.0	0.0	0.0	1.0
24	42	60
-0.3201821446418762	-0.406364381313324	0.8557751774787903	-1.227075457572937
0.38274189829826355	0.7708380222320557	0.5092320442199707	-1.051249384880066
-0.8665980100631714	0.49058806896209717	-0.09127573668956757	3.2159104347229004
0.0	0.0	0.0	1.0
24	43	60
-0.6568351984024048	-0.22983112931251526	0.7181540727615356	-1.343994140625
0.2884935438632965	0.8033517599105835	0.5209577083587646	-1.2482116222381592
-0.6966627836227417	0.5493663549423218	-0.4613649249076843	3.2671995162963867
0.0	0.0	0.0	1.0
24	44	60
-0.6353054046630859	-0.14299406111240387	0.7589069604873657	-1.3154549598693848
0.3173168897628784	0.8475832939147949	0.42533859610557556	-1.0143606662750244
-0.7040576338768005	0.5110342502593994	-0.49309974908828735	3.474127769470215
0.0	0.0	0.0	1.0
24	45	60
-0.7444381713867188	-0.0634031668305397	0.6646741628646851	-1.0478371381759644
0.2731751799583435	0.8794289231300354	0.3898460268974304	-1.0010111331939697
-0.6092512607574463	0.4717889726161957	-0.6373603940010071	3.7964816093444824
0.0	0.0	0.0	1.0
24	46	60
-0.4480915665626526	-0.21627292037010193	0.8674324154853821	-1.5045593976974487
0.36424267292022705	0.8419402837753296	0.3980749845504761	-1.0079319477081299
-0.8164193034172058	0.4943302571773529	-0.29849088191986084	3.1267569065093994
0.0	0.0	0.0	1.0
24	47	60
0.6375186443328857	-0.2996441125869751	0.7097766995429993	-1.692261815071106
0.09513649344444275	0.9448347687721252	0.31342649459838867	-0.5677230358123779
-0.7645381689071655	-0.13228961825370789	0.6308570504188538	1.1627020835876465
0.0	0.0	0.0	1.0
25	31	60
0.8347681164741516	-0.20372051000595093	0.5115270614624023	0.6347321271896362
0.02866969257593155	0.9438550472259521	0.3291132152080536	-0.3860871195793152
-0.5498546957969666	-0.260067880153656	0.7937408685684204	0.8138413429260254
0.0	0.0	0.0	1.0
26	30	60
0.838904619216919	-0.18054303526878357	0.5134626030921936	0.1027713418006897
0.25118499994277954	0.9653347730636597	-0.0709608793258667	-0.1535075604915619
-0.48285144567489624	0.18850389122962952	0.8551731109619141	0.30654478073120117
0.0	0.0	0.0	1.0
27	29	60
-0.7093773484230042	0.5665749907493591	-0.4192568063735962	0.7588427066802979
0.5965378880500793	0.16580352187156677	-0.7852717638015747	2.373375177383423
-0.3754008412361145	-0.8071565628051758	-0.4556007385253906	2.285317897796631
0.0	0.0	0.0	1.0
28	30	60
0.41809216141700745	-0.4676423668861389	0.7787873148918152	-0.06842660903930664
0.23344381153583527	0.8838321566581726	0.4053947627544403	-0.8811469674110413
-0.8778970241546631	0.012310624122619629	0.47869136929512024	0.6941163539886475
0.0	0.0	0.0	1.0
29	32	60
0.4802066683769226	-0.4668707251548767	0.7425857782363892	-0.05777239799499512
0.3320825397968292	0.8803327679634094	0.3387260437011719	-0.7970569133758545
-0.8118639588356018	0.08394120633602142	0.5777809619903564	0.7607402801513672
0.0	0.0	0.0	1.0
29	42	60
-0.630455493927002	-0.27679046988487244	0.7251982092857361	-0.1722865104675293
0.487069308757782	0.5863781571388245	0.6472431421279907	-1.9073665142059326
-0.6043914556503296	0.7612801790237427	-0.23486903309822083	3.1256494522094727
0.0	0.0	0.0	1.0
29	43	60
-0.8749036192893982	-0.10041269659996033	0.47377297282218933	-0.2556270956993103
0.283324658870697	0.6872699856758118	0.6688697338104248	-2.0475261211395264
-0.3927730619907379	0.7194281816482544	-0.5728456974029541	3.2646491527557373
0.0	0.0	0.0	1.0
29	44	60
-0.8734047412872314	-0.015561908483505249	0.48674607276916504	-0.12158304452896118
0.3133482038974762	0.7471541166305542	0.5861518383026123	-1.845597743988037
-0.3727959394454956	0.6644688248634338	-0.6476917862892151	3.5018539428710938
0.0	0.0	0.0	1.0
29	45	60
-0.9096399545669556	0.011655420064926147	0.4152336120605469	0.08339720964431763
0.2696636915206909	0.7769118547439575	0.5689369440078735	-1.86016047000885
-0.31596872210502625	0.6295013427734375	-0.7098531723022461	3.6293506622314453
0.0	0.0	0.0	1.0
29	46	60
-0.7263160347938538	-0.11171786487102509	0.6782209873199463	-0.4577507972717285
0.3759547770023346	0.7614631056785583	0.5280448198318481	-1.772858738899231
-0.5754327178001404	0.6385080218315125	-0.5110622644424438	3.2801289558410645
0.0	0.0	0.0	1.0
29	47	60
0.46354910731315613	-0.8556088209152222	0.23033756017684937	0.04293876886367798
0.11307676136493683	0.3149507939815521	0.9423478841781616	-2.802921772003174
-0.8788261413574219	-0.4107789993286133	0.2427448034286499	2.004086494445801
0.0	0.0	0.0	1.0
30	33	60
0.7583935260772705	-0.18325483798980713	0.6255050897598267	0.00981980562210083
0.0505693182349205	0.9733131527900696	0.22383944690227509	-0.45724979043006897
-0.6498321294784546	-0.13812711834907532	0.7474220395088196	1.065295696258545
0.0	0.0	0.0	1.0
30	34	60
0.911258339881897	-0.23351724445819855	0.33923161029815674	0.010145336389541626
-0.17091839015483856	-0.963857889175415	-0.20436400175094604	0.7650531530380249
0.3746935725212097	0.12824729084968567	-0.9182360768318176	4.813119411468506
0.0	0.0	0.0	1.0
30	36	60
0.8204048275947571	-0.3498842716217041	-0.4522351324558258	1.6335430145263672
-0.5118100643157959	-0.8019890785217285	-0.3079996109008789	0.8040719032287598
-0.25492367148399353	0.4841426908969879	-0.8370300531387329	4.971372604370117
0.0	0.0	0.0	1.0
30	41	60
0.994776725769043	-0.008219003677368164	0.10174170136451721	-0.5304366946220398
-0.0032501220703125	0.993696928024292	0.11205419898033142	0.48884445428848267
-0.1020212322473526	-0.11179973930120468	0.9884800314903259	-0.03118586540222168
0.0	0.0	0.0	1.0
30	42	60
-0.3666078448295593	-0.37672340869903564	0.850692868232727	-0.8646814823150635
0.2611713409423828	0.8359179496765137	0.48273271322250366	-0.5810933709144592
-0.8929662108421326	0.39915016293525696	-0.20806461572647095	2.945417881011963
0.0	0.0	0.0	1.0
30	46	60
-0.4493147134780884	-0.22060781717300415	0.8657069206237793	-1.1905202865600586
0.1998893767595291	0.9196383953094482	0.3380967080593109	-0.5264520645141602
-0.8707242012023926	0.32495757937431335	-0.36911001801490784	2.8405799865722656
0.0	0.0	0.0	1.0
30	48	60
-0.05129250884056091	-0.28269243240356445	-0.9578383564949036	3.7211246490478516
0.7202253341674805	0.6539494395256042	-0.23157209157943726	0.5328159332275391
0.6918412446975708	-0.7017374038696289	0.17005977034568787	2.483342170715332
0.0	0.0	0.0	1.0
31	35	60
0.8242680430412292	0.22445248067378998	-0.5198111534118652	-0.4850141108036041
-0.3442445695400238	0.9275603294372559	-0.14535388350486755	-1.0517961978912354
0.4495308995246887	0.2987527847290039	0.8418246507644653	0.9982936382293701
0.0	0.0	0.0	1.0
31	37	60
0.9944522380828857	-0.10290682315826416	-0.02179359644651413	-0.6192685961723328
0.10508697479963303	0.9810612201690674	0.162712961435318	-1.3034576177597046
0.0046365391463041306	-0.1641007363796234	0.986432671546936	1.692949652671814
0.0	0.0	0.0	1.0
31	38	60
0.9118384122848511	-0.2739540636539459	0.3057781159877777	-0.5945377349853516
0.2647438943386078	0.9616221189498901	0.0720677375793457	-1.3261442184448242
-0.3137862980365753	0.015238732099533081	0.949371337890625	1.6869372129440308
0.0	0.0	0.0	1.0
31	41	60
-0.16697292029857635	-0.8222535848617554	0.5440764427185059	-1.246938705444336
0.5389069318771362	0.3859897255897522	0.7487266063690186	-1.6269056797027588
-0.825650691986084	0.41822364926338196	0.3786681890487671	1.9422221183776855
0.0	0.0	0.0	1.0
31	42	60
0.3575412631034851	0.37917470932006836	-0.853458046913147	0.7910879850387573
-0.042906492948532104	0.9195716381072998	0.3905729055404663	-1.5564653873443604
0.9329110383987427	-0.10302698612213135	0.34505388140678406	3.2198283672332764
0.0	0.0	0.0	1.0
31	46	60
0.19641448557376862	-0.550601065158844	0.8113319873809814	-2.0184834003448486
0.4036073684692383	0.7994990944862366	0.4448619484901428	-1.2278194427490234
-0.893600583076477	0.24008242785930634	0.37925985455513	0.9601417779922485
0.0	0.0	0.0	1.0
31	49	60
0.9209732413291931	-0.14327578246593475	0.36232665181159973	-2.3549983501434326
0.22217023372650146	0.9570494294166565	-0.18627029657363892	-0.6854286193847656
-0.320076584815979	0.2520480155944824	0.9132485389709473	1.4456987380981445
0.0	0.0	0.0	1.0
32	34	60
0.7974480390548706	0.2726345956325531	-0.5382813215255737	-0.8286424279212952
-0.40711843967437744	0.9015487432479858	-0.14650827646255493	-0.7354647517204285
0.44534334540367126	0.33597680926322937	0.8299328088760376	0.7942125797271729
0.0	0.0	0.0	1.0
32	36	60
0.7961959838867188	0.24779820442199707	-0.5519670248031616	-1.0054705142974854
-0.36799293756484985	0.9224778413772583	-0.1166851818561554	-0.7474662065505981
0.4802631437778473	0.2960241734981537	0.8256611824035645	1.0935848951339722
0.0	0.0	0.0	1.0
32	37	60
-0.8468261361122131	-0.19922250509262085	-0.49314913153648376	0.07640421390533447
-0.5316232442855835	0.288813978433609	0.7962178587913513	-2.0090458393096924
-0.01619625836610794	0.936427652835846	-0.35048654675483704	3.391718626022339
0.0	0.0	0.0	1.0
32	38	60
0.9947066903114319	-0.06988641619682312	-0.07532912492752075	-1.3538893461227417
0.05688262730836868	0.985028862953186	-0.16273553669452667	-1.1089078187942505
0.08557429909706116	0.1575886607170105	0.9837902188301086	1.1807646751403809
0.0	0.0	0.0	1.0
32	39	60
0.9226491451263428	-0.237791508436203	0.30360132455825806	-1.2427046298980713
0.3161129355430603	0.917278528213501	-0.2422262579202652	-0.9562705755233765
-0.22088715434074402	0.31946197152137756	0.9214953184127808	1.2649128437042236
0.0	0.0	0.0	1.0
32	40	60
0.5968866944313049	-0.37569746375083923	0.7089269161224365	-1.5466524362564087
0.5512044429779053	0.8340783715248108	-0.02206924557685852	-0.9209475517272949
-0.5830093622207642	0.403936505317688	0.7049365043640137	1.2612146139144897
0.0	0.0	0.0	1.0
32	41	60
0.5600258708000183	-0.564265787601471	0.6066094040870667	-1.9051225185394287
0.5416237711906433	0.8034194707870483	0.24730724096298218	-1.0504212379455566
-0.6269088387489319	0.1900556981563568	0.7555554509162903	1.0773036479949951
0.0	0.0	0.0	1.0
32	43	60
-0.00345446914434433	-0.39174753427505493	0.9200664162635803	-2.594960927963257
0.6366315484046936	0.708665668964386	0.30412715673446655	-0.7642687559127808
-0.7711604237556458	0.5867937803268433	0.24695077538490295	0.8742008209228516
0.0	0.0	0.0	1.0
32	44	60
-0.030519966036081314	-0.29714733362197876	0.9543437957763672	-2.6469972133636475
0.6938285827636719	0.6809859275817871	0.23422257602214813	-0.6591625809669495
-0.7194932103157043	0.6692994832992554	0.18538548052310944	1.1630561351776123
0.0	0.0	0.0	1.0
32	45	60
-0.13817062973976135	-0.24186226725578308	0.960422694683075	-2.626169204711914
0.6760820746421814	0.6856065988540649	0.26991960406303406	-0.8102814555168152
-0.7237555980682373	0.6866194009780884	0.06878816336393356	1.423295259475708
0.0	0.0	0.0	1.0
32	46	60
0.28521728515625	-0.45709526538848877	0.8424457907676697	-2.4339115619659424
0.5277265906333923	0.8086197376251221	0.2600753903388977	-0.8027523756027222
-0.8000975847244263	0.37040287256240845	0.47185349464416504	0.6717735528945923
0.0	0.0	0.0	1.0
32	47	60
0.46435317397117615	-0.35663723945617676	0.8106703758239746	-2.7810161113739014
0.6219889521598816	0.7829363346099854	-0.011839985847473145	-0.2367115318775177
-0.6304806470870972	0.5097258687019348	0.585383415222168	0.7211035490036011
0.0	0.0	0.0	1.0
32	48	60
-0.9951989054679871	0.08813151717185974	-0.04256506264209747	-0.8807057738304138
-0.012429282069206238	0.31757691502571106	0.9481509923934937	-3.3662314414978027
0.09707966446876526	0.9441280364990234	-0.3149567246437073	3.5281267166137695
0.0	0.0	0.0	1.0
33	35	60
0.6879937648773193	0.055971406400203705	-0.723554790019989	-0.4878448247909546
-0.2458217442035675	0.9560545682907104	-0.15978360176086426	-0.32293298840522766
0.6828145980834961	0.2877958416938782	0.6715188026428223	0.5609719753265381
0.0	0.0	0.0	1.0
33	46	60
0.06750839948654175	-0.21291357278823853	0.9747361540794373	-2.319733142852783
0.4560818076133728	0.875500500202179	0.1596500426530838	0.10103334486484528
-0.8873738050460815	0.4337816834449768	0.15620948374271393	0.958694338798523
0.0	0.0	0.0	1.0
33	49	60
0.9280626177787781	-0.06645067781209946	-0.36644837260246277	-1.128951907157898
0.025332361459732056	0.9929379224777222	-0.11589988321065903	0.09972045570611954
0.3715618848800659	0.09827961027622223	0.9231919646263123	0.23575401306152344
0.0	0.0	0.0	1.0
34	38	60
0.7875656485557556	-0.3377934396266937	0.5153983235359192	-0.2517815828323364
0.2749031186103821	0.941126823425293	0.19674530625343323	-0.40145421028137207
-0.5515145063400269	-0.013265103101730347	0.8340597748756409	0.7644166946411133
0.0	0.0	0.0	1.0
34	41	60
0.023605048656463623	-0.495033323764801	0.8685532212257385	-0.7465179562568665
0.4349134862422943	0.7873602509498596	0.43693751096725464	-0.18368390202522278
-0.9001628160476685	0.36743155121803284	0.23388232290744781	1.0346238613128662
0.0	0.0	0.0	1.0
34	47	60
-0.4648483395576477	0.5337657332420349	-0.7064065933227539	0.37398284673690796
-0.3956456780433655	0.5885300636291504	0.7050507068634033	-1.7050590515136719
0.792073667049408	0.6072282791137695	-0.06239515542984009	3.047520160675049
0.0	0.0	0.0	1.0
34	51	60
0.19290418922901154	0.230276957154274	0.953813910484314	-2.5545730590820312
-0.8823449611663818	0.46595877408981323	0.06595441699028015	-0.02402225136756897
-0.429250031709671	-0.8543153405189514	0.29306909441947937	2.26647686958313
0.0	0.0	0.0	1.0
34	55	60
0.9605817198753357	0.035004422068595886	-0.2757849097251892	-0.4258708655834198
-0.046410009264945984	0.9983114004135132	-0.03493845462799072	-0.20879141986370087
0.2740963399410248	0.04636070132255554	0.960584282875061	1.165273666381836
0.0	0.0	0.0	1.0
35	36	60
0.9489116072654724	-0.17562654614448547	0.26214951276779175	0.2566583454608917
0.09574753046035767	0.9518803358078003	0.291128933429718	0.10183525085449219
-0.3006648123264313	-0.25115546584129333	0.9200659990310669	0.2729870080947876
0.0	0.0	0.0	1.0
35	37	60
0.8312773704528809	-0.40848293900489807	0.37698742747306824	0.27399781346321106
0.1944468915462494	0.8490532040596008	0.49122166633605957	-0.1746622920036316
-0.5207382440567017	-0.3350374400615692	0.7852270603179932	0.7523907423019409
0.0	0.0	0.0	1.0
35	48	60
0.059230923652648926	-0.31291964650154114	0.9479310512542725	-1.3940236568450928
0.2275608330965042	0.9288281202316284	0.29239463806152344	0.09779214859008789
-0.9719608426094055	0.19839328527450562	0.12622344493865967	1.3871805667877197
0.0	0.0	0.0	1.0
35	51	60
0.8446299433708191	-0.190810889005661	0.5001912117004395	-1.433748483657837
0.1318524181842804	0.9796886444091797	0.15107972919940948	-0.15257889032363892
-0.5188592672348022	-0.06165504455566406	0.8526333570480347	1.2952486276626587
0.0	0.0	0.0	1.0
35	52	60
0.9882598519325256	-0.12065958976745605	0.09372319281101227	-0.8641330003738403
0.1030837893486023	0.9793591499328613	0.1738654524087906	-0.04405054450035095
-0.1127670556306839	-0.16216300427913666	0.9802994728088379	1.6514736413955688
0.0	0.0	0.0	1.0
35	53	60
0.9793204665184021	0.07570386677980423	-0.18761858344078064	-0.43374544382095337
-0.03366051986813545	0.9753968715667725	0.21787190437316895	0.008880257606506348
0.19949626922607422	-0.20705097913742065	0.9577740430831909	1.4970707893371582
0.0	0.0	0.0	1.0
35	56	60
0.7621843814849854	0.3841935992240906	-0.5210278034210205	0.007160782814025879
-0.1401183009147644	0.8836783170700073	0.44663164019584656	0.2208503782749176
0.6320137977600098	-0.267410010099411	0.7273582816123962	1.1727200746536255
0.0	0.0	0.0	1.0
35	57	60
0.5914903879165649	0.09907101839780807	-0.8002024292945862	0.1006317138671875
-0.11574137210845947	0.9925775527954102	0.03733527660369873	0.07747317850589752
0.7979617118835449	0.07053305208683014	0.5985666513442993	0.9565895795822144
0.0	0.0	0.0	1.0
35	58	60
0.5839014649391174	0.10792835056781769	-0.8046181797981262	0.09543651342391968
-0.13461314141750336	0.9902749061584473	0.035144511610269547	0.16486504673957825
0.8005861639976501	0.08779111504554749	0.592751681804657	0.977921724319458
0.0	0.0	0.0	1.0
36	38	60
0.7727921009063721	-0.30157092213630676	0.5584332346916199	-0.2846808433532715
0.27713578939437866	0.9519205093383789	0.13054952025413513	-0.4170083701610565
-0.5709537267684937	0.053874045610427856	0.8192126154899597	0.40827274322509766
0.0	0.0	0.0	1.0
36	41	60
0.006370797753334045	-0.43233489990234375	0.9016906023025513	-0.7548791170120239
0.4621680676937103	0.8008973598480225	0.38074204325675964	-0.18402539193630219
-0.8867695331573486	0.4143071174621582	0.20491363108158112	0.6949610114097595
0.0	0.0	0.0	1.0
36	47	60
0.5411422848701477	0.04048365354537964	-0.8399559855461121	2.167090654373169
-0.012928798794746399	0.9991228580474854	0.03982573747634888	0.04778870940208435
0.8408316373825073	-0.01069176197052002	0.5411911010742188	1.3002439737319946
0.0	0.0	0.0	1.0
36	50	60
0.9320749044418335	-0.05447590351104736	0.3581458330154419	-1.9857540130615234
0.09728571772575378	0.9899530410766602	-0.10260900855064392	0.12283965945243835
-0.34895801544189453	0.13048170506954193	0.9280102252960205	0.35258960723876953
0.0	0.0	0.0	1.0
36	51	60
0.979129433631897	-0.05244725942611694	0.19635406136512756	-1.8111069202423096
0.08434781432151794	0.9838604927062988	-0.1578100025653839	-0.19883257150650024
-0.18490828573703766	0.17107850313186646	0.9677504897117615	0.35802626609802246
0.0	0.0	0.0	1.0
36	55	60
0.9605650901794434	0.10735619068145752	-0.2564943730831146	-0.4341990351676941
-0.1275932490825653	0.9897882342338562	-0.06355519592761993	-0.24571767449378967
0.24705198407173157	0.09377577900886536	0.9644538164138794	0.8132913112640381
0.0	0.0	0.0	1.0
37	39	60
0.7128930687904358	-0.2535040080547333	0.653849184513092	0.07968384027481079
0.4532899260520935	0.8779909610748291	-0.15381713211536407	0.18886280059814453
-0.5350804328918457	0.406038761138916	0.7408246994018555	-0.008668899536132812
0.0	0.0	0.0	1.0
37	41	60
0.27904045581817627	-0.39976775646209717	0.8731104731559753	-0.5831446647644043
0.5979964733123779	0.7837501168251038	0.16773660480976105	0.2448248267173767
-0.7513562440872192	0.4753117263317108	0.45775794982910156	0.23921310901641846
0.0	0.0	0.0	1.0
37	47	60
0.9388270378112793	0.20216098427772522	0.278810054063797	0.2306535840034485
-0.25291675329208374	0.9542074203491211	0.1597554236650467	-0.4251518249511719
-0.23374617099761963	-0.22049832344055176	0.9469653367996216	-0.3865460157394409
0.0	0.0	0.0	1.0
37	48	60
0.5881622433662415	-0.14905594289302826	0.794887900352478	-1.7082914113998413
0.4893586039543152	0.8481136560440063	-0.20305520296096802	0.7463866472244263
-0.6438885927200317	0.5084148645401001	0.5717705488204956	0.04398822784423828
0.0	0.0	0.0	1.0
37	50	60
0.9922201037406921	0.0681929886341095	0.10416178405284882	-1.582962989807129
-0.03070598840713501	0.9448444247245789	-0.32607796788215637	0.860581636428833
-0.12065312266349792	0.32034242153167725	0.9395872354507446	-0.27799153327941895
0.0	0.0	0.0	1.0
37	51	60
0.9967547655105591	0.03175525367259979	-0.07397523522377014	-1.4443402290344238
-0.055071018636226654	0.9392257928848267	-0.3388548493385315	0.4450947046279907
0.058718740940093994	0.34182876348495483	0.9379260540008545	-0.31508374214172363
0.0	0.0	0.0	1.0
37	55	60
0.8471884727478027	0.27837052941322327	-0.45252829790115356	-0.34016022086143494
-0.38726478815078735	0.9066668748855591	-0.1672753095626831	0.1229514479637146
0.363727867603302	0.3169621527194977	0.8759207129478455	0.40677523612976074
0.0	0.0	0.0	1.0
38	40	60
0.6525992155075073	-0.29626259207725525	0.6973833441734314	-0.011334091424942017
0.40547996759414673	0.9140610694885254	0.008870578370988369	0.21079353988170624
-0.6400787234306335	0.27698585391044617	0.716643750667572	0.1003040075302124
0.0	0.0	0.0	1.0
38	41	60
0.637050211429596	-0.3633261024951935	0.6798244714736938	-0.49448391795158386
0.40252673625946045	0.90894615650177	0.10857830941677094	0.38427498936653137
-0.657373309135437	0.20447739958763123	0.7252926826477051	-0.012331724166870117
0.0	0.0	0.0	1.0
38	48	60
0.7783870100975037	-0.2338576465845108	0.5826013684272766	-1.5271395444869995
0.36548155546188354	0.9233514070510864	-0.11766788363456726	0.725488543510437
-0.5104280114173889	0.30452126264572144	0.8041953444480896	-0.49820661544799805
0.0	0.0	0.0	1.0
39	41	60
0.9079984426498413	-0.1954089105129242	0.3706139326095581	-0.42890769243240356
0.15095427632331848	0.9777462482452393	0.1456884741783142	0.26885753870010376
-0.3908350169658661	-0.07633927464485168	0.9172897338867188	-0.3177220821380615
0.0	0.0	0.0	1.0
39	42	60
0.897322416305542	-0.11942440271377563	0.42491093277931213	-0.31124213337898254
0.06580924987792969	0.9881386160850525	0.13874828815460205	0.3389202356338501
-0.4364408254623413	-0.09653914719820023	0.8945385217666626	-0.6931881904602051
0.0	0.0	0.0	1.0
39	46	60
-0.8986881375312805	0.22857323288917542	-0.37431812286376953	0.2894921898841858
-0.32902708649635315	-0.915681779384613	0.23079922795295715	0.002917677164077759
-0.2900019884109497	0.33057713508605957	0.8981189131736755	0.17306363582611084
0.0	0.0	0.0	1.0
39	47	60
0.9214162230491638	-0.14554153382778168	0.36029157042503357	-0.3243580758571625
0.19575420022010803	0.974815309047699	-0.10684376955032349	1.0218567848205566
-0.3356674909591675	0.168976292014122	0.9267008304595947	-1.189282774925232
0.0	0.0	0.0	1.0
40	42	60
0.9580358862876892	-0.13561412692070007	0.2525392770767212	-0.2987726330757141
0.1193227767944336	0.9897220134735107	0.07881845533847809	0.5043575763702393
-0.26063257455825806	-0.0453772246837616	0.9643711447715759	-0.8456915616989136
0.0	0.0	0.0	1.0
40	43	60
0.7938849329948425	-0.15715423226356506	0.587409257888794	-0.3902972936630249
0.20313796401023865	0.9790690541267395	-0.012603722512722015	0.436027467250824
-0.5731335878372192	0.1293310672044754	0.8091921806335449	-1.0465378761291504
0.0	0.0	0.0	1.0
40	44	60
0.7763134241104126	-0.07853928208351135	0.6254352331161499	-0.6124800443649292
0.30468952655792236	0.9153501391410828	-0.26324647665023804	1.117150068283081
-0.5518170595169067	0.394925057888031	0.7345287203788757	-0.6876449584960938
0.0	0.0	0.0	1.0
40	45	60
-0.2696375250816345	0.5604380369186401	-0.783073902130127	1.699464201927185
-0.7845170497894287	-0.5994138121604919	-0.15885980427265167	0.5990638136863708
-0.5584166049957275	0.5715000629425049	0.6012977361679077	-0.05320382118225098
0.0	0.0	0.0	1.0
40	46	60
0.893305778503418	-0.050212323665618896	0.4466363191604614	-0.31484255194664
0.14429816603660583	0.9731729030609131	-0.17920000851154327	0.812525749206543
-0.425656259059906	0.22452908754348755	0.8765864372253418	-1.023707628250122
0.0	0.0	0.0	1.0
40	47	60
0.9440777897834778	0.14875629544258118	0.2942599058151245	-0.34297025203704834
0.017211362719535828	0.8689959049224854	-0.494519978761673	1.8939201831817627
-0.3292735815048218	0.4719299376010895	0.8178392648696899	-0.5615261793136597
0.0	0.0	0.0	1.0
40	48	60
0.9424596428871155	0.0546112060546875	-0.3298298120498657	-0.004849851131439209
-0.10720731317996979	0.9838353991508484	-0.14343824982643127	1.019682765007019
0.31666481494903564	0.17054498195648193	0.933079719543457	-1.4281086921691895
0.0	0.0	0.0	1.0
41	43	60
0.8302777409553528	-0.1795804500579834	0.5276268720626831	-0.11185014247894287
0.274966835975647	0.9554246068000793	-0.10750618577003479	0.2696182131767273
-0.48480165004730225	0.2343393862247467	0.8426461219787598	-0.5788741111755371
0.0	0.0	0.0	1.0
41	44	60
0.8784143328666687	-0.15376368165016174	0.45248812437057495	-0.03709656000137329
0.2572619616985321	0.9500733017921448	-0.17657020688056946	0.35766342282295227
-0.4027467370033264	0.27150970697402954	0.8741154074668884	-0.4792743921279907
0.0	0.0	0.0	1.0
41	45	60
0.7484338283538818	-0.1377931535243988	0.6487374305725098	-0.5143427848815918
0.36430037021636963	0.9028074145317078	-0.22852715849876404	0.4490393102169037
-0.5541954040527344	0.4073725938796997	0.7258894443511963	-0.19407153129577637
0.0	0.0	0.0	1.0
43	48	60
-0.4936089515686035	0.4494042694568634	-0.7445712089538574	1.1627237796783447
-0.21367880702018738	0.7672263383865356	0.6047354340553284	-1.1318905353546143
0.8430253267288208	0.45760172605514526	-0.28268173336982727	2.357280731201172
0.0	0.0	0.0	1.0
44	48	60
-0.9613015055656433	-0.22976835072040558	-0.1520073562860489	0.37030744552612305
0.1874254047870636	-0.9498205184936523	0.25042495131492615	0.18717020750045776
-0.20191949605941772	0.2122439444065094	0.9561281800270081	0.2345125675201416
0.0	0.0	0.0	1.0
46	48	60
0.8579046130180359	-0.37740451097488403	-0.3486623764038086	-0.5324999690055847
0.4144960939884186	0.9093557596206665	0.03557407110929489	0.03128427267074585
0.30363208055496216	-0.17503830790519714	0.9365730881690979	-0.7383840084075928
0.0	0.0	0.0	1.0
47	49	60
0.455574631690979	0.310766339302063	-0.8341919183731079	0.2987961769104004
-0.3252500891685486	0.9304071068763733	0.16898223757743835	0.036006271839141846
0.8286521434783936	0.19433706998825073	0.5249466896057129	-0.15033435821533203
0.0	0.0	0.0	1.0
48	50	60
0.6723455190658569	0.31213945150375366	-0.6712086796760559	0.2171308398246765
-0.2635616660118103	0.9482695460319519	0.17697647213935852	-0.029090404510498047
0.6917276978492737	0.0579153448343277	0.7198325991630554	-0.17901897430419922
0.0	0.0	0.0	1.0
48	51	60
0.498332679271698	0.3344177305698395	-0.7998932600021362	0.15809285640716553
-0.2033465951681137	0.9419617652893066	0.2671286463737488	-0.512691080570221
0.842801570892334	0.029536545276641846	0.5374132394790649	-0.00460970401763916
0.0	0.0	0.0	1.0
49	52	60
0.8135223388671875	0.22233252227306366	-0.5373539924621582	-0.07501387596130371
-0.18690550327301025	0.9749675989151001	0.12043293565511703	-0.2902863025665283
0.5506790280342102	0.0024597644805908203	0.8347134590148926	0.5018153786659241
0.0	0.0	0.0	1.0
49	53	60
0.608837902545929	0.36760175228118896	-0.7029832601547241	0.337502658367157
-0.2714383006095886	0.9292019605636597	0.25080883502960205	-0.36491307616233826
0.7454111576080322	0.03811463713645935	0.6655144691467285	0.6435301899909973
0.0	0.0	0.0	1.0
49	54	60
0.31958842277526855	0.2864277958869934	-0.9032288789749146	0.8712804913520813
-0.21941016614437103	0.9496820569038391	0.22352519631385803	-0.5161610841751099
0.9218040704727173	0.12674158811569214	0.3663524091243744	0.9808045625686646
0.0	0.0	0.0	1.0
49	55	60
0.6002700328826904	0.2583026885986328	-0.7569382190704346	1.0515697002410889
-0.18977123498916626	0.9653844833374023	0.17894145846366882	-0.4526268541812897
0.776957631111145	0.03623174875974655	0.6285097599029541	1.188499927520752
0.0	0.0	0.0	1.0
49	56	60
0.022616147994995117	0.5967264771461487	-0.8021255731582642	0.9862459301948547
-0.3477849066257477	0.7569145560264587	0.553286612033844	-0.2784603238105774
0.9373013377189636	0.26645439863204956	0.2246510535478592	0.8946813344955444
0.0	0.0	0.0	1.0
50	52	60
0.9207650423049927	0.10347336530685425	-0.37614506483078003	0.09899461269378662
-0.09783303737640381	0.9946177005767822	0.03412306308746338	-0.34558939933776855
0.3776513636112213	0.005380168557167053	0.9259324073791504	0.6667327880859375
0.0	0.0	0.0	1.0
50	53	60
0.7765807509422302	0.2419358789920807	-0.5817122459411621	0.5292975306510925
-0.18889635801315308	0.9702619910240173	0.15135985612869263	-0.3651005029678345
0.6010327339172363	-0.007659882307052612	0.7991877198219299	0.7076079249382019
0.0	0.0	0.0	1.0
50	54	60
0.5610247850418091	0.1584528088569641	-0.812492311000824	1.1248996257781982
-0.2220076322555542	0.9743529558181763	0.03672328591346741	-0.3676620423793793
0.7974733114242554	0.15977689623832703	0.5818142294883728	0.8487768769264221
0.0	0.0	0.0	1.0
50	55	60
0.80003422498703	0.14141419529914856	-0.5830501317977905	1.306492805480957
-0.13453462719917297	0.9893611669540405	0.05535957217216492	-0.35428255796432495
0.5846758484840393	0.034151166677474976	0.8105478286743164	0.9906200170516968
0.0	0.0	0.0	1.0
50	56	60
0.2789338529109955	0.5441271066665649	-0.7912787199020386	1.1792021989822388
-0.35881495475769043	0.823356568813324	0.43969982862472534	-0.17622676491737366
0.8907569646835327	0.1612756848335266	0.42490291595458984	0.7972812056541443
0.0	0.0	0.0	1.0
50	57	60
0.13309162855148315	0.14320379495620728	-0.9807035326957703	1.2816658020019531
-0.31423357129096985	0.9445525407791138	0.09528034180402756	-0.2953049838542938
0.9399701952934265	0.29548901319503784	0.17071126401424408	0.4894603490829468
0.0	0.0	0.0	1.0
50	58	60
-0.04249143600463867	0.14506031572818756	-0.9885099530220032	1.389796257019043
-0.3634417951107025	0.919373631477356	0.15053756535053253	-0.2737322151660919
0.9306473731994629	0.3656623661518097	0.013655245304107666	0.7762966156005859
0.0	0.0	0.0	1.0
51	52	60
0.9556318521499634	0.14412501454353333	-0.25689613819122314	0.1711958944797516
-0.12295103073120117	0.98768550157547	0.096747487783432	-0.05231039226055145
0.26767629384994507	-0.0608697384595871	0.9615839719772339	0.54933762550354
0.0	0.0	0.0	1.0
51	53	60
0.752143144607544	0.2977094054222107	-0.5879196524620056	0.7268126010894775
-0.21800895035266876	0.9543155431747437	0.20433878898620605	-0.09319551289081573
0.6218942403793335	-0.0255202054977417	0.7826851606369019	0.625117301940918
0.0	0.0	0.0	1.0
51	54	60
0.6446413993835449	0.25482192635536194	-0.7207655906677246	1.2124650478363037
-0.24600674211978912	0.9618090987205505	0.12001673877239227	-0.08654076606035233
0.723821759223938	0.09994541853666306	0.6827099919319153	0.6026439070701599
0.0	0.0	0.0	1.0
51	57	60
0.07113334536552429	0.20105835795402527	-0.9769932627677917	1.5025180578231812
-0.27432781457901	0.9456468224525452	0.1746341586112976	-0.07783651351928711
0.9590017199516296	0.2555941343307495	0.12242278456687927	0.4973336458206177
0.0	0.0	0.0	1.0
51	58	60
0.05846288800239563	0.2081672102212906	-0.9763447046279907	1.503544807434082
-0.2691776752471924	0.9450801610946655	0.185383141040802	-0.0475737601518631
0.9613144397735596	0.25197190046310425	0.11128605902194977	0.5260236263275146
0.0	0.0	0.0	1.0
52	57	60
0.8679500222206116	-0.4650953710079193	0.1742090880870819	-0.839347779750824
0.299007773399353	0.7694197297096252	0.564435601234436	-1.217859148979187
-0.3965563178062439	-0.43781206011772156	0.8068851232528687	-0.08665770292282104
0.0	0.0	0.0	1.0
52	58	60
0.18726783990859985	0.4117981791496277	-0.8918257355690002	1.3522440195083618
-0.697972297668457	0.6946201324462891	0.1741771101951599	0.22635386884212494
0.6912058591842651	0.5898520350456238	0.41750362515449524	-0.24310970306396484
0.0	0.0	0.0	1.0
53	57	60
0.7350299954414368	0.059391893446445465	-0.6754282712936401	0.4485557973384857
-0.1789805293083191	0.97781902551651	-0.1087925136089325	0.09099552035331726
0.6539853811264038	0.20085424184799194	0.7293562889099121	-0.5932093858718872
0.0	0.0	0.0	1.0
54	56	60
0.9276717305183411	0.26021796464920044	-0.2677898406982422	0.06144356727600098
-0.15047213435173035	0.9168861508369446	0.36969882249832153	0.17926940321922302
0.34173524379730225	-0.30266445875167847	0.8897252082824707	-0.055223822593688965
0.0	0.0	0.0	1.0
54	57	60
0.8255007266998291	0.09073822945356369	-0.5570593476295471	0.04002079367637634
-0.14569586515426636	0.9877991676330566	-0.05500439181923866	0.06559199839830399
0.545271635055542	0.12656757235527039	0.82864910364151	-0.29926598072052
0.0	0.0	0.0	1.0
54	58	60
0.8044601678848267	0.08052004873752594	-0.588523805141449	0.10142195224761963
-0.12857629358768463	0.9908851981163025	-0.0401824414730072	0.10236801207065582
0.5799242258071899	0.10799546539783478	0.8074804544448853	-0.26030874252319336
0.0	0.0	0.0	1.0
55	56	60
0.7336800694465637	0.43033796548843384	-0.5258546471595764	-0.06093508005142212
-0.2792529761791229	0.8964753150939941	0.3440207242965698	0.12285745143890381
0.6194606423377991	-0.10555464029312134	0.7778992652893066	0.0441514253616333
0.0	0.0	0.0	1.0
55	58	60
0.5591387748718262	0.16073264181613922	-0.8133440613746643	-0.005376935005187988
-0.3047742545604706	0.9521853923797607	-0.021348636597394943	0.10019826889038086
0.7710230946540833	0.25982317328453064	0.5813907980918884	-0.18181681632995605
0.0	0.0	0.0	1.0
57	59	60
0.9432539343833923	0.14622093737125397	-0.2981465458869934	0.198797345161438
0.005263492465019226	0.8911404609680176	0.4536970257759094	0.10546877980232239
0.33203044533729553	-0.42952075600624084	0.8398020267486572	0.4919242858886719
0.0	0.0	0.0	1.0
