0	1	66
0.9812768697738647	-0.058830201625823975	0.18339726328849792	-0.4617064595222473
0.05720394849777222	0.9982621669769287	0.014149844646453857	-0.007798999547958374
-0.18391096591949463	-0.0033937692642211914	0.9829369187355042	0.10505247116088867
0.0	0.0	0.0	1.0
0	2	66
0.8671656847000122	-0.024151653051376343	0.49743348360061646	-0.5994539856910706
0.06721144914627075	0.9953609704971313	-0.06884121894836426	-0.012601286172866821
-0.49346327781677246	0.09313017129898071	0.8647661805152893	0.0901041030883789
0.0	0.0	0.0	1.0
0	5	66
0.4673883318901062	-0.025141775608062744	0.8836944103240967	-0.7301488518714905
0.24424463510513306	0.9643610715866089	-0.10174491256475449	0.019131183624267578
-0.8496424555778503	0.2633921504020691	0.456871896982193	-0.05419564247131348
0.0	0.0	0.0	1.0
0	6	66
0.727548360824585	-0.13968880474567413	0.671684980392456	-0.7559694647789001
0.22244182229042053	0.9741916060447693	-0.038341447710990906	0.049970775842666626
-0.648993968963623	0.17730620503425598	0.739844024181366	0.17430949211120605
0.0	0.0	0.0	1.0
0	7	66
0.6920732855796814	0.005445554852485657	0.721807062625885	-0.7433800101280212
0.039687544107437134	0.9981725215911865	-0.04558327794075012	-0.04174298048019409
-0.7207355499267578	0.06019368767738342	0.6905919313430786	0.46038103103637695
0.0	0.0	0.0	1.0
0	34	66
0.588860809803009	0.41529566049575806	-0.6933777332305908	0.8167723417282104
-0.2867826819419861	0.9094322323799133	0.3011464476585388	-0.19490370154380798
0.7556447982788086	0.021515190601348877	0.6546282768249512	0.5761637687683105
0.0	0.0	0.0	1.0
0	35	66
0.852543294429779	0.310315877199173	-0.4205630421638489	1.0715172290802002
-0.2318635731935501	0.9457050561904907	0.22777456045150757	-0.26057469844818115
0.4684106409549713	-0.09667456150054932	0.8782057762145996	0.5987643003463745
0.0	0.0	0.0	1.0
0	36	66
0.9853982329368591	0.10202998667955399	-0.13630950450897217	0.9456196427345276
-0.0840497761964798	0.9877175092697144	0.13171684741973877	-0.17078089714050293
0.1480744481086731	-0.11833709478378296	0.981870710849762	0.4244048595428467
0.0	0.0	0.0	1.0
0	37	66
0.9895458817481995	0.13478468358516693	-0.05130283534526825	1.0365978479385376
-0.12521308660507202	0.9794518351554871	0.158100426197052	-0.1701575517654419
0.0715581476688385	-0.1500239074230194	0.9860893487930298	0.3930535316467285
0.0	0.0	0.0	1.0
0	38	66
0.9899672269821167	0.006295740604400635	0.14115765690803528	0.8280335664749146
-0.023715674877166748	0.992238461971283	0.12206858396530151	-0.11179062724113464
-0.13929344713687897	-0.12419188022613525	0.9824327230453491	0.37404966354370117
0.0	0.0	0.0	1.0
0	45	66
0.5836458206176758	-0.17485839128494263	0.7929579019546509	-0.35806602239608765
0.5571765899658203	0.7966138124465942	-0.23443755507469177	0.23509475588798523
-0.59068763256073	0.5786459445953369	0.56236732006073	0.20326590538024902
0.0	0.0	0.0	1.0
0	46	66
0.8364787101745605	-0.13481928408145905	0.5311564803123474	0.16418713331222534
0.18589073419570923	0.9816030263900757	-0.04359252750873566	-0.07129472494125366
-0.5155077576637268	0.13520094752311707	0.84615159034729	0.23119235038757324
0.0	0.0	0.0	1.0
0	47	66
0.7383766174316406	-0.3724313974380493	0.5622230768203735	-0.2308725118637085
0.2601727247238159	0.9264532923698425	0.2720179259777069	-0.0004145503044128418
-0.6221812963485718	-0.05457630753517151	0.780968189239502	0.36382877826690674
0.0	0.0	0.0	1.0
0	48	66
0.6811519861221313	-0.43803995847702026	0.5866456627845764	-0.6140812635421753
0.21480727195739746	0.8855780959129333	0.4118366241455078	0.06967571377754211
-0.6999214291572571	-0.15450739860534668	0.6973073482513428	0.29379796981811523
0.0	0.0	0.0	1.0
0	49	66
0.7253715991973877	-0.350795179605484	0.5922660231590271	-0.6348267793655396
0.21913069486618042	0.9333200454711914	0.2844212055206299	-0.06174767017364502
-0.6525472402572632	-0.07652735710144043	0.7538737058639526	0.5590578317642212
0.0	0.0	0.0	1.0
1	2	66
0.9469814300537109	0.01543988287448883	0.32091760635375977	-0.1241370439529419
0.017026960849761963	0.9950295686721802	-0.09811660647392273	-0.0023976266384124756
-0.32083746790885925	0.09837883710861206	0.9420114755630493	-0.04174089431762695
0.0	0.0	0.0	1.0
1	3	66
0.6834326982498169	-0.17726042866706848	0.70816570520401	-0.23343032598495483
0.2339496910572052	0.9720906615257263	0.01754464954137802	-0.004402488470077515
-0.6915112733840942	0.15368437767028809	0.7058281898498535	-0.01486825942993164
0.0	0.0	0.0	1.0
1	5	66
0.6248655319213867	-0.004687100648880005	0.7807186841964722	-0.2575761079788208
0.19812315702438354	0.96820068359375	-0.15275926887989044	0.006992518901824951
-0.7551761865615845	0.2501319944858551	0.6059234738349915	-0.18717575073242188
0.0	0.0	0.0	1.0
1	6	66
0.8472589254379272	-0.11808967590332031	0.5178872346878052	-0.2908034920692444
0.18279212713241577	0.9802460670471191	-0.0755285918712616	0.06312236189842224
-0.4987378418445587	0.15865829586982727	0.8521082401275635	0.014497995376586914
0.0	0.0	0.0	1.0
1	7	66
0.8254308700561523	0.05400177836418152	0.561914324760437	-0.30074143409729004
-0.008368700742721558	0.9964749217033386	-0.0834708958864212	-0.040154218673706055
-0.5644410848617554	0.06419709324836731	0.8229732513427734	0.2898976802825928
0.0	0.0	0.0	1.0
1	34	66
0.4346204102039337	0.4534738063812256	-0.7781174182891846	1.1309936046600342
-0.3165137767791748	0.8857808113098145	0.33942824602127075	-0.2721661329269409
0.843163013458252	0.0987623929977417	0.5285090804100037	0.6836210489273071
0.0	0.0	0.0	1.0
1	35	66
0.7515482306480408	0.3468349277973175	-0.5611425042152405	1.3677191734313965
-0.2559879720211029	0.9373067021369934	0.23648762702941895	-0.31390130519866943
0.6079849004745483	-0.03408631682395935	0.7932166457176208	0.7450804710388184
0.0	0.0	0.0	1.0
1	36	66
0.9291415810585022	0.17728710174560547	-0.3244471549987793	1.3403340578079224
-0.13886740803718567	0.9806267619132996	0.13815781474113464	-0.2518531084060669
0.3426551818847656	-0.08331331610679626	0.9357599020004272	0.5923483371734619
0.0	0.0	0.0	1.0
1	37	66
0.9459017515182495	0.21770155429840088	-0.24057461321353912	1.4206223487854004
-0.18463067710399628	0.9708832502365112	0.15263622999191284	-0.24171066284179688
0.2667989134788513	-0.09996122121810913	0.9585543870925903	0.5730270147323608
0.0	0.0	0.0	1.0
1	38	66
0.9925885200500488	0.10490341484546661	-0.06134846806526184	1.2601687908172607
-0.09647323191165924	0.9871809482574463	0.12714862823486328	-0.2269887924194336
0.07390040159225464	-0.12028807401657104	0.9899846315383911	0.5331499576568604
0.0	0.0	0.0	1.0
1	45	66
0.9228827357292175	-0.1052694022655487	0.3704129159450531	0.7713803648948669
0.21507054567337036	0.9388079643249512	-0.2690430283546448	-0.16461604833602905
-0.3194246292114258	0.32795992493629456	0.8890501260757446	0.06395316123962402
0.0	0.0	0.0	1.0
1	46	66
0.9270271062850952	-0.0835544764995575	0.36556750535964966	0.5736481547355652
0.11709833145141602	0.9906126856803894	-0.0705292820930481	-0.1344362199306488
-0.3562428951263428	0.10819008946418762	0.928108811378479	0.25119686126708984
0.0	0.0	0.0	1.0
1	47	66
0.846468448638916	-0.2954677641391754	0.4429345428943634	0.13531625270843506
0.20295706391334534	0.9481412172317505	0.24461498856544495	-0.0353369414806366
-0.4922400712966919	-0.11716213822364807	0.8625386357307434	0.3141016960144043
0.0	0.0	0.0	1.0
1	48	66
0.8103633522987366	-0.3512119948863983	0.4690002202987671	-0.18317431211471558
0.17735683917999268	0.9099215269088745	0.3749502897262573	0.08426547050476074
-0.5584404468536377	-0.2206651270389557	0.7996572256088257	0.15685677528381348
0.0	0.0	0.0	1.0
1	49	66
0.8395736217498779	-0.2816827595233917	0.4645112156867981	-0.2808400094509125
0.17900896072387695	0.9507608413696289	0.2530009150505066	-0.05967283248901367
-0.5129051804542542	-0.129261314868927	0.8486575484275818	0.4195828437805176
0.0	0.0	0.0	1.0
2	3	66
0.8742583990097046	-0.19135543704032898	0.4461565911769867	-0.11901700496673584
0.17055125534534454	0.9815207123756409	0.08677138388156891	0.026342570781707764
-0.45451605319976807	0.00023193657398223877	0.8907386660575867	-0.016356468200683594
0.0	0.0	0.0	1.0
2	5	66
0.8371274471282959	-0.06350310146808624	0.5433089733123779	-0.08928775787353516
0.12990455329418182	0.9879029989242554	-0.08468806743621826	0.006516218185424805
-0.5313585996627808	0.14147301018238068	0.8352503776550293	-0.1902782917022705
0.0	0.0	0.0	1.0
2	6	66
0.9696535468101501	-0.14188259840011597	0.19910165667533875	-0.13736478984355927
0.14237909018993378	0.9897406101226807	0.011895835399627686	0.08001399040222168
-0.1987466663122177	0.0168134868144989	0.9799064993858337	-0.0067827701568603516
0.0	0.0	0.0	1.0
2	7	66
0.9687519073486328	0.05622917413711548	0.24157363176345825	-0.2171115279197693
-0.06038457155227661	0.9981271624565125	0.009826183319091797	-0.024261265993118286
-0.24056898057460785	-0.024106651544570923	0.9703328609466553	0.2675631046295166
0.0	0.0	0.0	1.0
2	8	66
0.9836088418960571	-0.08222365379333496	0.16047856211662292	-0.5522728562355042
0.07424938678741455	0.9957175254821777	0.05508100986480713	-0.15929341316223145
-0.16432031989097595	-0.04226282238960266	0.9855014085769653	0.751010537147522
0.0	0.0	0.0	1.0
2	35	66
0.4689105749130249	0.3931255042552948	-0.7909332513809204	1.2111982107162476
-0.2036789357662201	0.9194784164428711	0.33626502752304077	-0.2721906900405884
0.8594403862953186	0.0034182071685791016	0.5112245082855225	1.3422856330871582
0.0	0.0	0.0	1.0
2	36	66
0.7695737481117249	0.20944181084632874	-0.6032328605651855	1.1846202611923218
-0.08624299615621567	0.9701157212257385	0.22679871320724487	-0.16549667716026306
0.6327067613601685	-0.12251389026641846	0.7646384239196777	1.0955100059509277
0.0	0.0	0.0	1.0
2	37	66
0.8583032488822937	0.20529106259346008	-0.4702882766723633	1.1315234899520874
-0.066325843334198	0.9531815052032471	0.2950358986854553	-0.19294822216033936
0.5088382363319397	-0.22203774750232697	0.8317348957061768	0.9413899183273315
0.0	0.0	0.0	1.0
2	38	66
0.9218183755874634	0.15509209036827087	-0.3552427291870117	1.0930012464523315
-0.07281848043203354	0.9694380760192871	0.23428133130073547	-0.1655711531639099
0.380720853805542	-0.19009676575660706	0.9049394130706787	0.9982879161834717
0.0	0.0	0.0	1.0
2	45	66
0.9686926007270813	-0.20076188445091248	0.14604529738426208	0.6362475156784058
0.2281688153743744	0.9517909288406372	-0.20501941442489624	-0.0369202196598053
-0.0978446900844574	0.2319238781929016	0.9678006172180176	0.33181309700012207
0.0	0.0	0.0	1.0
2	46	66
0.9955822825431824	-0.08608511090278625	0.03748485445976257	0.5820808410644531
0.08524426817893982	0.9960833787918091	0.023481428623199463	-0.08936178684234619
-0.039359577000141144	-0.020182311534881592	0.9990212321281433	0.5213065147399902
0.0	0.0	0.0	1.0
2	47	66
0.9633868932723999	-0.221583291888237	0.15095199644565582	0.12012878060340881
0.16165000200271606	0.9292081594467163	0.33232760429382324	0.014985442161560059
-0.2139039933681488	-0.29575884342193604	0.9310058355331421	0.4198179244995117
0.0	0.0	0.0	1.0
2	48	66
0.951031506061554	-0.24150025844573975	0.19291765987873077	-0.11739742010831833
0.1305132806301117	0.8795194029808044	0.4576151371002197	0.11090880632400513
-0.2801888585090637	-0.4100281000137329	0.8679695129394531	0.1547386646270752
0.0	0.0	0.0	1.0
2	49	66
0.9631902575492859	-0.2099573016166687	0.1678769588470459	-0.29190850257873535
0.14215797185897827	0.9278497099876404	0.3447984457015991	-0.01609480381011963
-0.22815749049186707	-0.3082413971424103	0.9235429167747498	0.38602662086486816
0.0	0.0	0.0	1.0
3	4	66
0.23856955766677856	0.501418948173523	0.8316631317138672	-2.0490853786468506
-0.3911881446838379	0.8334565758705139	-0.39028459787368774	0.8710346221923828
-0.8888511657714844	-0.2322266548871994	0.39498624205589294	1.346814751625061
0.0	0.0	0.0	1.0
3	5	66
0.9969395995140076	0.0552886500954628	0.05527161434292793	0.16566947102546692
-0.04480728507041931	0.9834485650062561	-0.17555905878543854	-0.07230624556541443
-0.06406299769878387	0.17254522442817688	0.9829160571098328	-0.09769320487976074
0.0	0.0	0.0	1.0
3	6	66
0.9610471725463867	0.03099532425403595	-0.2746407687664032	0.018809735774993896
-0.03890360891819	0.9989689588546753	-0.02339358627796173	0.049469560384750366
0.27363261580467224	0.03316691517829895	0.9612622261047363	0.002716064453125
0.0	0.0	0.0	1.0
3	7	66
0.9177841544151306	0.25326210260391235	-0.30582818388938904	-0.03431349992752075
-0.273009717464447	0.9617395401000977	-0.02286180853843689	-0.061504632234573364
0.28833702206611633	0.10447648167610168	0.9518121480941772	0.2564992904663086
0.0	0.0	0.0	1.0
3	38	66
0.5896187424659729	0.38080883026123047	-0.7122743725776672	0.6290819644927979
-0.24675479531288147	0.9246419668197632	0.2900855541229248	-0.40159526467323303
0.7690657377243042	0.0047170184552669525	0.6391526460647583	1.4979264736175537
0.0	0.0	0.0	1.0
3	39	66
0.9109905958175659	0.1743999719619751	-0.3737386465072632	0.4506003260612488
-0.11283639818429947	0.9770128726959229	0.1808699369430542	-0.44519394636154175
0.39669114351272583	-0.1225995123386383	0.9097283482551575	1.5478707551956177
0.0	0.0	0.0	1.0
3	43	66
-0.9937891960144043	-0.10919146984815598	0.02145525813102722	-0.12665092945098877
-0.08961450308561325	0.6709883809089661	-0.7360323071479797	1.2373719215393066
0.0659722164273262	-0.7333836555480957	-0.6766062378883362	5.248689651489258
0.0	0.0	0.0	1.0
3	45	66
0.8517774343490601	-0.053385406732559204	-0.5211775302886963	0.7440952658653259
-0.030904456973075867	0.9879424571990967	-0.15170511603355408	-0.43048375844955444
0.5229923725128174	0.14532585442066193	0.8398569822311401	0.9504727125167847
0.0	0.0	0.0	1.0
3	46	66
0.8990854620933533	0.08992354571819305	-0.42843911051750183	0.3859447240829468
-0.09553517401218414	0.9953905344009399	0.008436828851699829	-0.22924697399139404
0.42722266912460327	0.033345796167850494	0.9035317301750183	0.7861043214797974
0.0	0.0	0.0	1.0
3	47	66
0.9609324932098389	0.1073824018239975	-0.2551029622554779	0.053050100803375244
-0.027730703353881836	0.9543874859809875	0.29728060960769653	-0.05700629949569702
0.27538976073265076	-0.27859243750572205	0.92007976770401	0.5028257369995117
0.0	0.0	0.0	1.0
3	48	66
0.9792898297309875	0.1288433074951172	-0.15617495775222778	-0.03323453664779663
-0.05323450267314911	0.9080947041511536	0.41536733508110046	0.07551687955856323
0.19533906877040863	-0.39845094084739685	0.8961470127105713	0.16402053833007812
0.0	0.0	0.0	1.0
4	5	66
0.948733925819397	-0.22239363193511963	-0.22459988296031952	0.15573903918266296
0.17295219004154205	0.960037112236023	-0.22003813087940216	0.24245375394821167
0.26455914974212646	0.16991236805915833	0.9492830038070679	0.029480457305908203
0.0	0.0	0.0	1.0
4	39	66
-0.8633878827095032	-0.2037333846092224	-0.4615781009197235	0.6792800426483154
0.45839375257492065	0.06548112630844116	-0.886333703994751	1.9994990825653076
0.2108004242181778	-0.9768342971801758	0.036854565143585205	3.4878132343292236
0.0	0.0	0.0	1.0
4	40	66
0.9955739378929138	-0.0034961700439453125	-0.09391600638628006	-0.047897934913635254
0.02298074960708618	0.9780282974243164	0.20720219612121582	-0.34314215183258057
0.09112820029258728	-0.20844316482543945	0.9737800359725952	1.4774032831192017
0.0	0.0	0.0	1.0
4	41	66
0.9288247227668762	-0.1641193926334381	0.33218851685523987	0.024095475673675537
0.09726344048976898	0.973107099533081	0.20881223678588867	-0.31243568658828735
-0.35752516984939575	-0.1616399586200714	0.9198086261749268	1.3002986907958984
0.0	0.0	0.0	1.0
4	42	66
0.9389716386795044	-0.07852562516927719	0.33491232991218567	-0.0998033881187439
0.10689818859100342	0.9920023679733276	-0.06711247563362122	-0.5494565963745117
-0.3269638121128082	0.09881821274757385	0.9398563504219055	1.2778334617614746
0.0	0.0	0.0	1.0
4	43	66
0.9872978329658508	-0.09918642044067383	0.12411811947822571	-0.013171762228012085
0.08906245231628418	0.9924246072769165	0.08462809026241302	-0.3235800266265869
-0.13157179951667786	-0.07249891757965088	0.9886519908905029	1.1725478172302246
0.0	0.0	0.0	1.0
4	45	66
-0.6696755886077881	-0.12870095670223236	-0.7314169406890869	1.6548752784729004
0.08319419622421265	0.965669572353363	-0.24609170854091644	0.03642570972442627
0.7379793524742126	-0.2256513237953186	-0.6359784007072449	4.781516075134277
0.0	0.0	0.0	1.0
4	46	66
-0.6428133249282837	0.1395617425441742	-0.7532024383544922	1.6558079719543457
-0.1148928552865982	0.9545753002166748	0.274928480386734	-0.6989092230796814
0.7573579549789429	0.2632652819156647	-0.5975790619850159	4.5440826416015625
0.0	0.0	0.0	1.0
4	47	66
-0.7378137707710266	-0.01638147234916687	-0.674805760383606	1.5963351726531982
0.6336973905563354	-0.36115893721580505	-0.6840993762016296	1.7864775657653809
-0.2325056791305542	-0.9323603510856628	0.2768489122390747	2.034555673599243
0.0	0.0	0.0	1.0
4	48	66
-0.868037223815918	-0.2496083825826645	-0.42919325828552246	0.9352782964706421
0.4555985927581787	-0.056871116161346436	-0.8883669376373291	2.458390235900879
0.1973351240158081	-0.9666754007339478	0.16308745741844177	1.6152353286743164
0.0	0.0	0.0	1.0
5	6	66
0.9411277174949646	-0.008018922060728073	-0.33795639872550964	-0.14785224199295044
0.057523611932992935	0.9889376163482666	0.13672427833080292	0.10605549812316895
0.33312132954597473	-0.1481155902147293	0.9311779737472534	0.09788632392883301
0.0	0.0	0.0	1.0
5	7	66
0.9250475764274597	0.19771990180015564	-0.32433637976646423	-0.3266851305961609
-0.16464564204216003	0.978178858757019	0.12672081589698792	0.057252347469329834
0.3423142433166504	-0.06382246315479279	0.9374157190322876	0.3112175464630127
0.0	0.0	0.0	1.0
5	38	66
0.5731450915336609	0.3362833261489868	-0.7472736239433289	0.35268425941467285
-0.06309685856103897	0.9273198843002319	0.3689124882221222	-0.04483896493911743
0.817020833492279	-0.1642896831035614	0.5527074337005615	1.6290603876113892
0.0	0.0	0.0	1.0
5	39	66
0.906436026096344	0.11978514492511749	-0.4050004184246063	0.16843606531620026
0.00502525269985199	0.9558095932006836	0.29394271969795227	-0.03214317560195923
0.42231330275535583	-0.2684752643108368	0.8657783269882202	1.6523008346557617
0.0	0.0	0.0	1.0
5	43	66
-0.9781780242919922	0.11880332231521606	0.17045076191425323	-0.9217919111251831
0.1085348054766655	0.9917379021644592	-0.0683797299861908	0.5462318062782288
-0.1771661341190338	-0.04838761314749718	-0.9829908609390259	5.202966690063477
0.0	0.0	0.0	1.0
5	45	66
0.8763172030448914	-0.15125758945941925	-0.45737189054489136	0.3779805898666382
0.1374192237854004	0.9884687662124634	-0.06360366940498352	-0.04868936538696289
0.46171844005584717	-0.007114619016647339	0.8869979381561279	0.9194493293762207
0.0	0.0	0.0	1.0
5	46	66
0.8619479537010193	0.057519786059856415	-0.5037230253219604	0.1976712942123413
0.02435941994190216	0.9876973628997803	0.15446722507476807	-0.016753673553466797
0.5064110159873962	-0.1454128921031952	0.8499428033828735	0.9566776752471924
0.0	0.0	0.0	1.0
5	47	66
0.9399443864822388	0.0850137323141098	-0.33057039976119995	-0.1328384280204773
0.07765427231788635	0.8898269534111023	0.44964155554771423	0.0864553451538086
0.3323761224746704	-0.4483082890510559	0.8297862410545349	0.6091742515563965
0.0	0.0	0.0	1.0
5	48	66
0.9643170237541199	0.11800959706306458	-0.2369946390390396	-0.20002198219299316
0.036475714296102524	0.8274064064025879	0.5604177117347717	0.16024357080459595
0.26222535967826843	-0.5490651726722717	0.7935774326324463	0.2466883659362793
0.0	0.0	0.0	1.0
5	49	66
0.9443438649177551	0.1071837842464447	-0.3110092580318451	-0.46606719493865967
0.04985859990119934	0.8878728747367859	0.45737940073013306	0.08059513568878174
0.3251604735851288	-0.44742974638938904	0.8331133723258972	0.3663206100463867
0.0	0.0	0.0	1.0
6	7	66
0.977756917476654	0.20006243884563446	0.06298184394836426	-0.18941333889961243
-0.1996300220489502	0.9797831177711487	-0.013150840997695923	-0.06986421346664429
-0.0643395185470581	0.0002852976322174072	0.9979281425476074	0.23027253150939941
0.0	0.0	0.0	1.0
6	35	66
0.108186736702919	0.5760737657546997	-0.8102063536643982	1.0398828983306885
-0.32141125202178955	0.7914881706237793	0.51984703540802	-0.7200144529342651
0.940739095211029	0.20416894555091858	0.2707851231098175	1.921537160873413
0.0	0.0	0.0	1.0
6	36	66
0.5977067351341248	0.36583220958709717	-0.7133817672729492	1.043540120124817
-0.18656662106513977	0.9288603067398071	0.32001766562461853	-0.40695250034332275
0.7797048091888428	-0.05818350613117218	0.6234380006790161	1.3589200973510742
0.0	0.0	0.0	1.0
6	37	66
0.64743572473526	0.4073964059352875	-0.6440923810005188	1.1101019382476807
-0.24264398217201233	0.9113429188728333	0.3325323760509491	-0.4150620698928833
0.7224615812301636	-0.05900795757770538	0.6888883709907532	1.3686925172805786
0.0	0.0	0.0	1.0
6	38	66
0.8064931631088257	0.31682610511779785	-0.49918922781944275	0.9731773138046265
-0.19690394401550293	0.9400342702865601	0.27850306034088135	-0.3621189594268799
0.5574921369552612	-0.12631839513778687	0.8205156922340393	1.2202892303466797
0.0	0.0	0.0	1.0
6	39	66
-0.22360704839229584	0.965789794921875	0.13133928179740906	-0.8435159921646118
0.5464575290679932	0.23580347001552582	-0.8036049604415894	2.3084189891815186
-0.8070838451385498	-0.10792041569948196	-0.5804903507232666	3.5545146465301514
0.0	0.0	0.0	1.0
6	44	66
0.9998902082443237	0.0092751644551754	-0.011547166854143143	0.9191896915435791
0.014129766263067722	-0.831086277961731	0.5559633374214172	-0.45781946182250977
-0.004439992364495993	-0.5560658574104309	-0.8311260938644409	5.362039566040039
0.0	0.0	0.0	1.0
6	45	66
0.9828757643699646	-0.08664073050022125	-0.16263069212436676	0.8041377663612366
0.05592873692512512	0.9811986684799194	-0.18471789360046387	-0.2997991144657135
0.17557717859745026	0.17245882749557495	0.9692422747612	0.5877463817596436
0.0	0.0	0.0	1.0
6	46	66
0.99004065990448	0.04038060083985329	-0.134867861866951	0.520997941493988
-0.03823816403746605	0.999098539352417	0.01843932271003723	-0.2194107174873352
0.1354910135269165	-0.013098731637001038	0.990692138671875	0.6248407363891602
0.0	0.0	0.0	1.0
6	47	66
0.9995640516281128	-0.02624235302209854	0.013528432697057724	0.14519013464450836
0.0204833522439003	0.9463927149772644	0.3223680853843689	-0.09096667170524597
-0.021262995898723602	-0.32195037603378296	0.946517825126648	0.4636991024017334
0.0	0.0	0.0	1.0
6	48	66
0.9972763657569885	-0.023121938109397888	0.0700354129076004	0.011639311909675598
-0.01006212830543518	0.8980535268783569	0.43977099657058716	0.030368834733963013
-0.07306429743766785	-0.4392783045768738	0.8953750729560852	0.1681973934173584
0.0	0.0	0.0	1.0
6	49	66
0.9999053478240967	-0.001864790916442871	0.013627797365188599	-0.21656976640224457
-0.002707570791244507	0.944699227809906	0.3279269337654114	-0.05640363693237305
-0.013485632836818695	-0.32793253660202026	0.9446048140525818	0.35227060317993164
0.0	0.0	0.0	1.0
7	37	66
0.6406355500221252	0.22518706321716309	-0.7340823411941528	1.2541792392730713
-0.10181170701980591	0.9724997878074646	0.20947229862213135	-0.09788545966148376
0.7610654234886169	-0.059457555413246155	0.645944356918335	1.1991667747497559
0.0	0.0	0.0	1.0
7	38	66
0.7989950776100159	0.11572375893592834	-0.5900972485542297	1.126908302307129
-0.023518912494182587	0.9865708351135254	0.16163131594657898	-0.02190229296684265
0.6008772850036621	-0.11526438593864441	0.7909870147705078	1.037599802017212
0.0	0.0	0.0	1.0
7	39	66
0.9809653162956238	-0.12860320508480072	-0.1454935371875763	0.9453800916671753
0.15213164687156677	0.9746172428131104	0.1642475426197052	-0.09423178434371948
0.12067776918411255	-0.1832554042339325	0.9756302833557129	1.08673095703125
0.0	0.0	0.0	1.0
7	44	66
0.9655981063842773	-0.2573719024658203	0.037155233323574066	0.979460597038269
0.2561630606651306	0.9660229682922363	0.0343586727976799	0.0337369441986084
-0.044735752046108246	-0.023658812046051025	0.9987189173698425	0.44555068016052246
0.0	0.0	0.0	1.0
7	45	66
0.9385555982589722	-0.28683167695999146	-0.19193927943706512	1.0167843103408813
0.24726475775241852	0.9468306303024292	-0.2058434784412384	-0.036785006523132324
0.24077652394771576	0.14573544263839722	0.9595766067504883	0.410754919052124
0.0	0.0	0.0	1.0
7	46	66
0.9673608541488647	-0.1666477620601654	-0.19089825451374054	0.6885940432548523
0.1670411080121994	0.9858486652374268	-0.014146476984024048	0.01684945821762085
0.19055429100990295	-0.018203020095825195	0.981508195400238	0.41767358779907227
0.0	0.0	0.0	1.0
7	47	66
0.9716092348098755	-0.2105027139186859	-0.1079995334148407	0.2874716818332672
0.23438306152820587	0.9186222553253174	0.31811589002609253	0.052355289459228516
0.03224640712141991	-0.33439770340919495	0.9418802857398987	0.23065853118896484
0.0	0.0	0.0	1.0
7	48	66
0.9777175188064575	-0.20450691878795624	-0.047386109828948975	0.09488633275032043
0.2039969265460968	0.8723207116127014	0.44434431195259094	0.15182629227638245
-0.049535561352968216	-0.4441097378730774	0.8946019411087036	-0.08594155311584473
0.0	0.0	0.0	1.0
7	49	66
0.9785743355751038	-0.19542616605758667	-0.06481391191482544	-0.13385656476020813
0.20581090450286865	0.9195247888565063	0.33483728766441345	-0.00926700234413147
-0.005838051438331604	-0.34100261330604553	0.9400441646575928	0.09549069404602051
0.0	0.0	0.0	1.0
8	37	66
0.693549394607544	0.36305874586105347	-0.6222363114356995	1.7085247039794922
-0.21885010600090027	0.9290867447853088	0.2981657087802887	-0.2548710107803345
0.686363160610199	-0.07061612606048584	0.7238227128982544	0.6543616056442261
0.0	0.0	0.0	1.0
8	38	66
0.8460792303085327	0.25315332412719727	-0.46910950541496277	1.5615694522857666
-0.15888093411922455	0.9597987532615662	0.2313959300518036	-0.16253632307052612
0.5088291764259338	-0.12124688923358917	0.8522865176200867	0.4921438694000244
0.0	0.0	0.0	1.0
8	39	66
0.9993342161178589	-0.0013216286897659302	-0.03646001219749451	1.4097115993499756
0.006731867790222168	0.9888656735420227	0.1486589014530182	-0.17385481297969818
0.03585761785507202	-0.1488054394721985	0.9882161021232605	0.5623946189880371
0.0	0.0	0.0	1.0
8	44	66
0.9824022054672241	-0.11693142354488373	0.1456470489501953	1.3704047203063965
0.1197189912199974	0.9927523136138916	-0.010493393987417221	-0.000936298631131649
-0.14336463809013367	0.027745410799980164	0.9892810583114624	-0.12647128105163574
0.0	0.0	0.0	1.0
8	45	66
0.9899449348449707	-0.07344946265220642	-0.12088823318481445	1.3346822261810303
0.05334894359111786	0.9853763580322266	-0.161825492978096	-0.2621656060218811
0.13100630044937134	0.15374907851219177	0.9793868064880371	-0.1062920093536377
0.0	0.0	0.0	1.0
8	46	66
0.9962027072906494	0.019497200846672058	-0.08485487103462219	1.0477511882781982
-0.018513590097427368	0.9997525811195374	0.012361794710159302	-0.09805460274219513
0.08507472276687622	-0.010743901133537292	0.9963167309761047	-0.07984638214111328
0.0	0.0	0.0	1.0
8	47	66
0.9929392337799072	-0.09904453158378601	0.06528383493423462	0.6263254880905151
0.07556313276290894	0.9523361921310425	0.29554328322410583	0.0882427990436554
-0.09144411981105804	-0.2885235548019409	0.9530961513519287	-0.23076534271240234
0.0	0.0	0.0	1.0
8	48	66
0.9866924285888672	-0.12570489943027496	0.1031329333782196	0.482880175113678
0.07501396536827087	0.9146692752838135	0.3971819281578064	0.279219388961792
-0.14426027238368988	-0.3841596245765686	0.9119267463684082	-0.5082442760467529
0.0	0.0	0.0	1.0
8	49	66
0.9926506280899048	-0.09364931285381317	0.07665002346038818	0.2461501955986023
0.06660673022270203	0.9515947103500366	0.3000520169734955	0.11178535223007202
-0.10103927552700043	-0.29274117946624756	0.9508385062217712	-0.31017017364501953
0.0	0.0	0.0	1.0
8	50	66
0.9966715574264526	0.013407915830612183	0.0804109275341034	0.0054492950439453125
-0.010301798582077026	0.9991893768310547	-0.03891763091087341	-0.053952790796756744
-0.08086755871772766	0.03795962035655975	0.9960017204284668	0.05155754089355469
0.0	0.0	0.0	1.0
8	51	66
0.999916672706604	-0.011466369032859802	0.005913352593779564	-0.316674143075943
0.011833734810352325	0.9977264404296875	-0.06634867191314697	-0.030348658561706543
-0.005139186978340149	0.06641286611557007	0.9977790117263794	0.2485806941986084
0.0	0.0	0.0	1.0
9	10	66
0.9988479614257812	-0.047718122601509094	0.005087330937385559	-0.43083781003952026
0.04531760513782501	0.9728115797042847	0.22711977362632751	-0.09890902042388916
-0.015786558389663696	-0.22662770748138428	0.9738531112670898	0.5570359230041504
0.0	0.0	0.0	1.0
9	51	66
0.9979206919670105	-0.010246984660625458	-0.06363566964864731	0.31318196654319763
0.019280239939689636	0.989533543586731	0.1430085301399231	0.041830480098724365
0.0615042969584465	-0.1439378708600998	0.9876736402511597	-0.08299875259399414
0.0	0.0	0.0	1.0
9	52	66
0.9885786771774292	-0.11724396049976349	0.0946907326579094	-0.2866804003715515
0.10100015997886658	0.9817512631416321	0.16113269329071045	-0.007564544677734375
-0.11185456812381744	-0.14972828328609467	0.9823800325393677	0.23856043815612793
0.0	0.0	0.0	1.0
9	53	66
0.979945719242096	-0.1020246297121048	0.17116425931453705	-0.5862826704978943
0.07526777684688568	0.9848657846450806	0.15612062811851501	-0.08402037620544434
-0.1845019906759262	-0.14010676741600037	0.9727944135665894	0.5828635692596436
0.0	0.0	0.0	1.0
10	11	66
0.9830871820449829	-0.02705395221710205	-0.18113112449645996	0.1438811719417572
0.011367402970790863	0.996135950088501	-0.08708783984184265	-0.08779878169298172
0.18278717994689941	0.08355578780174255	0.979595959186554	0.4122285842895508
0.0	0.0	0.0	1.0
10	51	66
0.988542914390564	0.07658980786800385	-0.13006436824798584	0.9033230543136597
-0.08238393068313599	0.9958071708679199	-0.039761096239089966	0.0867624580860138
0.12647362053394318	0.05002082884311676	0.9907081127166748	-0.5136449337005615
0.0	0.0	0.0	1.0
10	52	66
0.9946926832199097	-0.06070883572101593	0.08307148516178131	0.161027193069458
0.06502096354961395	0.9966191649436951	-0.05022484064102173	0.0912560224533081
-0.07974154502153397	0.05535981059074402	0.9952770471572876	-0.28064537048339844
0.0	0.0	0.0	1.0
10	53	66
0.9849833250045776	-0.04712238907814026	0.16609683632850647	-0.16356633603572845
0.05952470004558563	0.9957345724105835	-0.07049676775932312	-0.004732169210910797
-0.16206631064414978	0.07932466268539429	0.9835865497589111	0.03862261772155762
0.0	0.0	0.0	1.0
10	54	66
0.9991505146026611	0.0022956691682338715	-0.04115048423409462	-0.11536858975887299
-0.010935299098491669	0.9774278998374939	-0.21098634600639343	-0.1914534866809845
0.03973722457885742	0.2112569808959961	0.9766227006912231	0.3533895015716553
0.0	0.0	0.0	1.0
11	12	66
0.9481856822967529	0.06469377875328064	-0.3110608160495758	0.07131257653236389
-0.13430112600326538	0.968891978263855	-0.20787322521209717	-0.1443774402141571
0.28793615102767944	0.23887863755226135	0.9273779988288879	0.16959786415100098
0.0	0.0	0.0	1.0
11	52	66
0.9647699594497681	-0.03932671993970871	0.26013895869255066	-0.09947462379932404
0.037062905728816986	0.9992204308509827	0.013603925704956055	0.17182083427906036
-0.2604711651802063	-0.0034830719232559204	0.9654752612113953	-0.7021725177764893
0.0	0.0	0.0	1.0
11	53	66
0.9382664561271667	-0.022406473755836487	0.34518659114837646	-0.3781246840953827
0.020591676235198975	0.9997482299804688	0.008923828601837158	0.05349668860435486
-0.34529972076416016	-0.0012649893760681152	0.9384915232658386	-0.31345701217651367
0.0	0.0	0.0	1.0
11	54	66
0.9893268346786499	0.05033721774816513	0.13674308359622955	-0.2751958966255188
-0.029591089114546776	0.9882866144180298	-0.1497136503458023	-0.042225033044815063
-0.1426776498556137	0.14406925439834595	0.9792279601097107	-0.004177093505859375
0.0	0.0	0.0	1.0
11	55	66
0.995266318321228	0.04318720102310181	-0.08706152439117432	-0.21299174427986145
-0.05043300986289978	0.9952876567840576	-0.08281947672367096	-0.05694502592086792
0.08307449519634247	0.0868183970451355	0.9927542805671692	-0.017922163009643555
0.0	0.0	0.0	1.0
12	52	66
0.8065783977508545	-0.19628271460533142	0.5575879812240601	-0.5469273328781128
0.059346988797187805	0.9653849601745605	0.2539876103401184	0.12338399887084961
-0.5881404280662537	-0.1717698872089386	0.7903072834014893	-0.7825925350189209
0.0	0.0	0.0	1.0
12	54	66
0.8945916891098022	-0.05084887519478798	0.4439823031425476	-0.42364946007728577
0.003235273063182831	0.9942163228988647	0.10734787583351135	0.012353718280792236
-0.4468730092048645	-0.09459604322910309	0.8895822167396545	-0.06637048721313477
0.0	0.0	0.0	1.0
12	55	66
0.9755393266677856	-0.06617674976587296	0.2096269726753235	-0.3230462074279785
0.0330657958984375	0.9869353771209717	0.15768584609031677	0.009692490100860596
-0.21732346713542938	-0.14689765870571136	0.9649827480316162	-0.09635496139526367
0.0	0.0	0.0	1.0
12	56	66
0.9607316851615906	0.06538501381874084	-0.26966580748558044	-0.25520777702331543
0.05288757383823395	0.9108754396438599	0.40927854180336	0.08112829923629761
0.27239280939102173	-0.4074689447879791	0.8716487288475037	-0.06280219554901123
0.0	0.0	0.0	1.0
13	14	66
0.966804027557373	0.04293516278266907	-0.25188636779785156	0.18073517084121704
-0.06893742084503174	0.9930558800697327	-0.0953277125954628	-0.07368141412734985
0.2460443079471588	0.1095276027917862	0.9630506038665771	0.10961174964904785
0.0	0.0	0.0	1.0
13	15	66
0.7996178269386292	0.2686726450920105	-0.5370541214942932	0.31801703572273254
-0.17885413765907288	0.9602954983711243	0.21411307156085968	-0.04284745454788208
0.5732565522193909	-0.07515409588813782	0.8159220218658447	0.3000451326370239
0.0	0.0	0.0	1.0
13	54	66
-0.7756352424621582	-0.10294578969478607	0.6227293610572815	-1.5473337173461914
-0.15135186910629272	-0.9274894595146179	-0.3418418765068054	1.428699016571045
0.6127663254737854	-0.3593960702419281	0.7038123607635498	1.5468555688858032
0.0	0.0	0.0	1.0
13	55	66
0.7232115268707275	-0.0924244225025177	0.684414267539978	-0.620876669883728
0.14546851813793182	0.9891579747200012	-0.02013719081878662	-0.001618415117263794
-0.6751325726509094	0.11412397027015686	0.728815495967865	0.0363154411315918
0.0	0.0	0.0	1.0
13	56	66
0.9640859961509705	-0.11756671965122223	0.23815099895000458	-0.5488103628158569
0.06792182475328445	0.9760100841522217	0.2068593055009842	0.07219108939170837
-0.2567576467990875	-0.18325446546077728	0.9489431977272034	0.04453468322753906
0.0	0.0	0.0	1.0
13	57	66
0.9747408032417297	0.07635894417762756	-0.20988020300865173	-0.38498079776763916
-0.028235554695129395	0.9743294715881348	0.22334906458854675	0.033912986516952515
0.22154729068279266	-0.2117813378572464	0.9518746733665466	0.21855783462524414
0.0	0.0	0.0	1.0
14	15	66
0.9230318069458008	0.11606839299201965	-0.36679768562316895	0.24522075057029724
-0.01341886818408966	0.9625383019447327	0.270814448595047	0.027519941329956055
0.3844897150993347	-0.2450484037399292	0.8900108933448792	0.14857172966003418
0.0	0.0	0.0	1.0
14	18	66
0.3736456036567688	0.28756117820739746	-0.8818715214729309	0.7540757656097412
-0.08704328536987305	0.9574062824249268	0.2753114104270935	-0.03768610954284668
0.9234783053398132	-0.026107877492904663	0.382761150598526	0.5968440175056458
0.0	0.0	0.0	1.0
14	56	66
0.8508040904998779	-0.2484561800956726	0.46303558349609375	-0.7647491693496704
0.09636610746383667	0.9399892091751099	0.327313095331192	0.08414679765701294
-0.5165715217590332	-0.23385830223560333	0.8236894607543945	0.1476132869720459
0.0	0.0	0.0	1.0
14	57	66
0.9958142638206482	-0.08686339855194092	0.028433389961719513	-0.537065863609314
0.07338899374008179	0.9453417062759399	0.31771552562713623	0.06315582990646362
-0.05447709560394287	-0.31429895758628845	0.9477596282958984	0.29584169387817383
0.0	0.0	0.0	1.0
15	18	66
0.7674620151519775	0.17343804240226746	-0.6171881556510925	0.5495686531066895
-0.20222079753875732	0.9790538549423218	0.023669332265853882	-0.010218977928161621
0.6083656549453735	0.10664287954568863	0.7864594459533691	0.09383440017700195
0.0	0.0	0.0	1.0
15	56	66
0.6027345061302185	-0.3611513078212738	0.7115339040756226	-0.863326370716095
0.34687069058418274	0.9216386675834656	0.17396225035190582	-0.07620388269424438
-0.7186040282249451	0.14195719361305237	0.6807763576507568	0.33449745178222656
0.0	0.0	0.0	1.0
15	57	66
0.8983442187309265	-0.2056715190410614	0.38817110657691956	-0.67680424451828
0.18084369599819183	0.9784260988235474	0.09989036619663239	-0.1222527027130127
-0.4003412127494812	-0.019537553191184998	0.9161577820777893	0.43097782135009766
0.0	0.0	0.0	1.0
15	62	66
0.1427624523639679	0.44014662504196167	-0.8865041136741638	0.8128032684326172
-0.29326191544532776	0.8742698431015015	0.38684552907943726	-0.9832038283348083
0.9453125596046448	0.20475105941295624	0.2538911998271942	2.5344066619873047
0.0	0.0	0.0	1.0
16	17	66
0.9949857592582703	-0.055746108293533325	-0.08304274827241898	0.10041582584381104
0.049470096826553345	0.9958946704864502	-0.0758049488067627	-0.09988519549369812
0.08692768216133118	0.07131677865982056	0.9936588406562805	-0.17058992385864258
0.0	0.0	0.0	1.0
16	61	66
0.9775136113166809	0.1585228592157364	-0.1390613615512848	0.027939319610595703
-0.1973409652709961	0.9201149940490723	-0.338297575712204	0.9031354784965515
0.07432452589273453	0.35813286900520325	0.9307076930999756	1.2530205249786377
0.0	0.0	0.0	1.0
17	18	66
0.9304289221763611	0.16142931580543518	-0.3290027976036072	0.17245399951934814
-0.032158076763153076	0.9302566051483154	0.3654981255531311	0.031144320964813232
0.36505913734436035	-0.3294900059700012	0.8707285523414612	0.19792985916137695
0.0	0.0	0.0	1.0
17	19	66
0.8485755920410156	0.18456071615219116	-0.4958399832248688	-0.06424969434738159
4.5806169509887695e-05	0.9371578693389893	0.34890544414520264	0.02689385414123535
0.529074490070343	-0.29609471559524536	0.7952408790588379	0.05698537826538086
0.0	0.0	0.0	1.0
17	64	66
0.5275894999504089	0.43933331966400146	-0.7270732522010803	0.6622236967086792
0.07225742936134338	0.8295741081237793	0.5537020564079285	-0.0006172657012939453
0.8464208841323853	-0.34466367959976196	0.4059298038482666	1.8053228855133057
0.0	0.0	0.0	1.0
18	19	66
0.9778154492378235	0.04808161407709122	-0.20387403666973114	-0.21589642763137817
-0.051188863813877106	0.9986388683319092	-0.009991824626922607	-0.00028833746910095215
0.20311614871025085	0.020206600427627563	0.9789460897445679	-0.05858469009399414
0.0	0.0	0.0	1.0
18	20	66
0.9333884716033936	0.0980665534734726	-0.3452092409133911	-0.4516002833843231
-0.07834199070930481	0.9944186210632324	0.07066935300827026	0.01610398292541504
0.35021278262138367	-0.03891745209693909	0.9358614087104797	-0.1868603229522705
0.0	0.0	0.0	1.0
18	62	66
0.7626919746398926	0.27553197741508484	-0.5851352214813232	1.8822646141052246
-0.16709817945957184	0.9579454660415649	0.23327919840812683	-0.618942141532898
0.6248035430908203	-0.08014547824859619	0.7766578793525696	1.6653684377670288
0.0	0.0	0.0	1.0
18	63	66
0.5564060807228088	0.3460410237312317	-0.7554258108139038	1.9910448789596558
-0.23867252469062805	0.9374005794525146	0.25360533595085144	-0.5458858609199524
0.7958943843841553	0.03919154405593872	0.60416579246521	1.7541239261627197
0.0	0.0	0.0	1.0
18	64	66
0.5094427466392517	0.34743428230285645	-0.787246823310852	1.3719308376312256
-0.20853519439697266	0.9374425411224365	0.27877283096313477	-0.5237992405891418
0.8348538875579834	0.022150039672851562	0.5500256419181824	1.711674451828003
0.0	0.0	0.0	1.0
19	20	66
0.9899927377700806	0.038960933685302734	-0.13563254475593567	-0.3093329966068268
-0.03179718554019928	0.9980024099349976	0.0545906126499176	0.0563734769821167
0.13748866319656372	-0.04973146319389343	0.9892541170120239	-0.07828521728515625
0.0	0.0	0.0	1.0
19	21	66
0.9944868087768555	0.028671294450759888	-0.10086506605148315	-0.6571887731552124
-0.015274852514266968	0.9912431836128235	0.13116134703159332	0.11216713488101959
0.1037425622344017	-0.12889762222766876	0.9862163662910461	-0.29222655296325684
0.0	0.0	0.0	1.0
19	64	66
0.8189862966537476	0.06715208292007446	-0.5698698163032532	1.9616544246673584
0.014423489570617676	0.9904056787490845	0.13743546605110168	-0.08532482385635376
0.5736314058303833	-0.12077733874320984	0.8101601600646973	1.0898213386535645
0.0	0.0	0.0	1.0
19	65	66
0.7432260513305664	0.20257768034934998	-0.6376341581344604	1.1782068014144897
-0.11817057430744171	0.9778217077255249	0.17291635274887085	-0.3891596794128418
0.6585215926170349	-0.05316606163978577	0.7506814002990723	1.5256357192993164
0.0	0.0	0.0	1.0
20	21	66
0.9988090395927429	-0.04041809216141701	0.02733263373374939	-0.3826495110988617
0.03854123502969742	0.9970739483833313	0.06601938605308533	0.07482942938804626
-0.029921019449830055	-0.06488731503486633	0.9974440336227417	-0.16463184356689453
0.0	0.0	0.0	1.0
20	22	66
0.9945032596588135	-0.06277154386043549	0.08380799740552902	-0.9983648657798767
0.06550395488739014	0.9973935484886169	-0.0302618145942688	0.06519320607185364
-0.08168988674879074	0.035584837198257446	0.9960225820541382	-0.07721185684204102
0.0	0.0	0.0	1.0
20	23	66
0.998930037021637	-0.013299945741891861	0.04428935796022415	-1.3422420024871826
0.026020951569080353	0.9533979296684265	-0.3005913197994232	0.0075043439865112305
-0.03822753205895424	0.30142223834991455	0.9527241587638855	0.014538049697875977
0.0	0.0	0.0	1.0
20	34	66
0.4204120635986328	-0.3954525589942932	0.8166216611862183	-2.208549737930298
0.2953713536262512	0.9106478691101074	0.288922518491745	-0.27868160605430603
-0.8579100370407104	0.11974033713340759	0.49965256452560425	1.0538361072540283
0.0	0.0	0.0	1.0
20	64	66
-0.40805983543395996	-0.4878816604614258	0.7716594934463501	-2.187405586242676
-0.3457416892051697	0.8648600578308105	0.3639771342277527	-1.040172815322876
-0.844955325126648	-0.11827057600021362	-0.52159583568573	3.9241299629211426
0.0	0.0	0.0	1.0
20	65	66
0.8264535665512085	0.15401193499565125	-0.5415301322937012	1.7096567153930664
-0.10943029075860977	0.9874558448791504	0.11382728815078735	-0.46779364347457886
0.5522677302360535	-0.034813135862350464	0.832939863204956	1.3757871389389038
0.0	0.0	0.0	1.0
21	22	66
0.9974681735038757	-0.04018384963274002	0.058669980615377426	-0.634926438331604
0.04598863050341606	0.9938028454780579	-0.10119825601577759	0.009091004729270935
-0.054239869117736816	0.10364007949829102	0.9931347966194153	0.06949925422668457
0.0	0.0	0.0	1.0
21	23	66
0.9994710683822632	0.014148123562335968	0.029284391552209854	-1.043661117553711
-0.002118576318025589	0.9268323183059692	-0.37546995282173157	-0.013171285390853882
-0.03245393559336662	0.3752092123031616	0.9263719320297241	0.17476511001586914
0.0	0.0	0.0	1.0
21	24	66
-0.27805739641189575	-0.5842742919921875	-0.7624353170394897	1.5510046482086182
-0.04547747224569321	0.8008542060852051	-0.5971302390098572	1.266489028930664
0.9594873785972595	-0.13136282563209534	-0.24925470352172852	3.9152421951293945
0.0	0.0	0.0	1.0
21	34	66
0.4564674198627472	-0.35856878757476807	0.8142884373664856	-1.8724251985549927
0.33316951990127563	0.9174968600273132	0.2172505259513855	-0.34728607535362244
-0.8250064253807068	0.1721280813217163	0.5382718443870544	1.1427348852157593
0.0	0.0	0.0	1.0
21	65	66
0.8085507750511169	0.17542268335819244	-0.5616694092750549	2.009140968322754
-0.1547468900680542	0.9843199253082275	0.08466069400310516	-0.7278226613998413
0.567713737487793	0.018464162945747375	0.8230188488960266	1.5543467998504639
0.0	0.0	0.0	1.0
22	23	66
0.9992443919181824	0.01716451346874237	-0.03486879914999008	-0.404857337474823
-0.026487767696380615	0.9573208689689636	-0.2878110110759735	0.016900481656193733
0.028440549969673157	0.28851738572120667	0.9570522308349609	0.08087754249572754
0.0	0.0	0.0	1.0
22	24	66
0.9929322600364685	0.07115676254034042	-0.09498770534992218	-0.7344687581062317
-0.07398892939090729	0.9969035387039185	-0.026631146669387817	-0.023119233548641205
0.0927986279129982	0.033470869064331055	0.9951221346855164	0.43821096420288086
0.0	0.0	0.0	1.0
22	33	66
0.9657788276672363	-0.07017718255519867	0.24969366192817688	-1.3243845701217651
0.015358567237854004	0.9764849543571472	0.21503934264183044	-0.2886679172515869
-0.25891274213790894	-0.20384544134140015	0.944145917892456	1.021789312362671
0.0	0.0	0.0	1.0
22	34	66
0.5089625716209412	-0.3368261754512787	0.7921522259712219	-1.3261163234710693
0.2349018007516861	0.9396827220916748	0.2486310601234436	-0.20293302834033966
-0.828117311000824	0.05953410267829895	0.5573843121528625	1.0306555032730103
0.0	0.0	0.0	1.0
22	65	66
0.7694231271743774	0.22677016258239746	-0.5971290469169617	2.5467417240142822
-0.12991484999656677	0.9708747863769531	0.20130619406700134	-0.7108774185180664
0.6253880858421326	-0.07731375098228455	0.7764745354652405	1.69367253780365
0.0	0.0	0.0	1.0
23	24	66
0.9946534037590027	0.06931363046169281	-0.0765511691570282	-0.2538592219352722
-0.04572899267077446	0.9602677822113037	0.27530768513679504	0.026232123374938965
0.09259220212697983	-0.2703351378440857	0.9583033919334412	0.3656942844390869
0.0	0.0	0.0	1.0
23	33	66
0.9447872042655945	-0.08521777391433716	0.3164098262786865	-0.9855369329452515
-0.07365325093269348	0.8856591582298279	0.45845749974250793	0.03728604316711426
-0.3193000555038452	-0.4564494788646698	0.8304829597473145	1.0793278217315674
0.0	0.0	0.0	1.0
24	25	66
0.9986773133277893	-0.05037899315357208	0.010255977511405945	-0.5414354801177979
0.049789927899837494	0.9974417686462402	0.051288753747940063	-0.1177663803100586
-0.012813672423362732	-0.05070999264717102	0.9986312389373779	0.3975684642791748
0.0	0.0	0.0	1.0
24	32	66
0.9971218705177307	0.03257618844509125	-0.0684586837887764	-0.724919855594635
-0.0128935556858778	0.9626902341842651	0.27029889822006226	-0.14856067299842834
0.07470972836017609	-0.2686384618282318	0.9603394269943237	0.458970308303833
0.0	0.0	0.0	1.0
24	33	66
0.890806257724762	-0.1785196214914322	0.41784584522247314	-0.7740961909294128
0.07297118753194809	0.9638577103614807	0.2562292814254761	-0.2792593538761139
-0.4484858512878418	-0.19775977730751038	0.871637225151062	0.8341009616851807
0.0	0.0	0.0	1.0
25	26	66
0.9958941340446472	-0.06715920567512512	0.06069868057966232	-0.33010798692703247
0.07959500700235367	0.9690320491790771	-0.23375621438026428	-0.10568571090698242
-0.043120160698890686	0.23762744665145874	0.9703988432884216	0.35602378845214844
0.0	0.0	0.0	1.0
25	27	66
0.9947364330291748	-0.08173372596502304	0.06179807335138321	-0.3363109230995178
0.08107307553291321	0.9966216087341309	0.013127148151397705	-0.1019541472196579
-0.06266219913959503	-0.00804784893989563	0.998002290725708	0.3210141658782959
0.0	0.0	0.0	1.0
25	32	66
0.9957044720649719	0.07366946339607239	-0.05608523637056351	-0.2249636948108673
-0.060403332114219666	0.9759314060211182	0.20954620838165283	0.005606815218925476
0.07017244398593903	-0.20525848865509033	0.976189136505127	0.059812068939208984
0.0	0.0	0.0	1.0
25	33	66
0.906802237033844	-0.13195064663887024	0.4003736078739166	-0.2117977738380432
0.057001154869794846	0.979407787322998	0.19368097186088562	-0.18311437964439392
-0.4176850914955139	-0.152808278799057	0.8956499695777893	0.40473318099975586
0.0	0.0	0.0	1.0
26	27	66
0.9999606609344482	0.004168562591075897	0.007844090461730957	0.023649245500564575
-0.005899086594581604	0.9718456864356995	0.23554456233978271	0.019344687461853027
-0.006641387939453125	-0.23558178544044495	0.9718320369720459	-0.03955650329589844
0.0	0.0	0.0	1.0
26	32	66
0.9808788895606995	0.17200283706188202	-0.09106002748012543	0.16581937670707703
-0.11708814650774002	0.8952800035476685	0.42984211444854736	0.057135820388793945
0.15545831620693207	-0.4109610915184021	0.8983006477355957	-0.31081676483154297
0.0	0.0	0.0	1.0
27	28	66
0.922642707824707	0.2261599451303482	-0.3123818039894104	0.19030320644378662
-0.16764192283153534	0.9646661281585693	0.2032613754272461	0.07642588019371033
0.34731370210647583	-0.13516929745674133	0.9279561042785645	-0.1569962501525879
0.0	0.0	0.0	1.0
27	31	66
0.6524353623390198	0.45632344484329224	-0.6050598621368408	0.3859199285507202
-0.26920121908187866	0.8858758211135864	0.3778292238712311	0.1228296160697937
0.7084203958511353	-0.08362653851509094	0.7008191347122192	-0.3419523239135742
0.0	0.0	0.0	1.0
27	32	66
0.9813394546508789	0.1659981608390808	-0.09704378247261047	0.12710995972156525
-0.14406509697437286	0.9690035581588745	0.20069271326065063	0.11253857612609863
0.1273503601551056	-0.18296721577644348	0.974835991859436	-0.2527899742126465
0.0	0.0	0.0	1.0
27	33	66
0.9288202524185181	-0.03903990238904953	0.3684679865837097	0.09134820103645325
-0.016947545111179352	0.9889168739318848	0.14749841392040253	-0.07587341964244843
-0.3701425790786743	-0.143244206905365	0.9178643822669983	0.08295369148254395
0.0	0.0	0.0	1.0
28	29	66
0.8915235996246338	0.28774067759513855	-0.34984397888183594	0.1455259919166565
-0.2614092230796814	0.9575608968734741	0.12141638994216919	0.08333547413349152
0.36993345618247986	-0.01679292321205139	0.9289063215255737	-0.17724013328552246
0.0	0.0	0.0	1.0
28	30	66
0.7309698462486267	0.42879635095596313	-0.5308642983436584	0.15976619720458984
-0.34546375274658203	0.9033984541893005	0.25402015447616577	0.25535595417022705
0.5885047912597656	-0.002286761999130249	0.8084904551506042	-0.385013222694397
0.0	0.0	0.0	1.0
28	31	66
0.8862883448600769	0.2514430284500122	-0.3889337480068207	0.1485026478767395
-0.21615923941135406	0.9672882556915283	0.13276982307434082	0.11459475755691528
0.4095955491065979	-0.03360053896903992	0.911648154258728	-0.209983229637146
0.0	0.0	0.0	1.0
28	32	66
0.9748961329460144	-0.07071909308433533	0.2111310064792633	-0.08827102184295654
0.06365059316158295	0.9971665143966675	0.04009890556335449	0.03700757026672363
-0.21336859464645386	-0.02565363049507141	0.9766349792480469	-0.071441650390625
0.0	0.0	0.0	1.0
29	30	66
0.9642761945724487	0.127345472574234	-0.2322806864976883	-0.14299160242080688
-0.11060364544391632	0.9903268814086914	0.0837826132774353	0.1428975760936737
0.24070321023464203	-0.0550985187292099	0.9690334796905518	-0.181005597114563
0.0	0.0	0.0	1.0
29	31	66
0.9979747533798218	-0.044467389583587646	-0.045487284660339355	-0.01058436930179596
0.04429028928279877	0.9990066885948181	-0.00489458441734314	0.03445406258106232
0.0456596314907074	0.0028701424598693848	0.9989529848098755	-0.0207822322845459
0.0	0.0	0.0	1.0
29	32	66
0.7837247848510742	-0.32239997386932373	0.5308801531791687	-0.11806607246398926
0.3342830240726471	0.9393259286880493	0.0769527405500412	-0.10571691393852234
-0.5234789848327637	0.11715418100357056	0.8439457416534424	0.16884207725524902
0.0	0.0	0.0	1.0
30	31	66
0.9672276973724365	-0.15250945091247559	0.2030063271522522	0.17445340752601624
0.16790464520454407	0.9839264154434204	-0.06080520153045654	-0.11078411340713501
-0.19047001004219055	0.09289789199829102	0.9772876501083374	0.11457705497741699
0.0	0.0	0.0	1.0
30	32	66
0.37725991010665894	-0.5905242562294006	0.7134118676185608	-0.10063940286636353
0.5264427661895752	0.7705122232437134	0.35940033197402954	-0.6918380260467529
-0.7619272470474243	0.2399834245443344	0.601560652256012	0.41689133644104004
0.0	0.0	0.0	1.0
31	32	66
0.7660625576972961	-0.28056439757347107	0.5783010721206665	-0.10975420475006104
0.30476757884025574	0.9506887793540955	0.05751040577888489	-0.14727751910686493
-0.5659196376800537	0.13219088315963745	0.8137938976287842	0.21781468391418457
0.0	0.0	0.0	1.0
32	33	66
0.8732156753540039	-0.18905234336853027	0.44916921854019165	0.06536287069320679
0.1981055587530136	0.9798011779785156	0.0272611603140831	-0.23901695013046265
-0.44525039196014404	0.06517811864614487	0.8930307030677795	0.29450511932373047
0.0	0.0	0.0	1.0
33	65	66
0.5293101668357849	0.35172340273857117	-0.772088885307312	2.2486751079559326
-0.4306889772415161	0.8954415321350098	0.11265501379966736	-0.8747920989990234
0.7309839725494385	0.2729007601737976	0.6254498362541199	1.3573672771453857
0.0	0.0	0.0	1.0
34	35	66
0.9206594824790955	-0.18140748143196106	0.3456540107727051	0.1784585416316986
0.18194258213043213	0.9828141927719116	0.031194865703582764	0.07914833724498749
-0.3453724682331085	0.03416925668716431	0.937843382358551	-0.1663728952407837
0.0	0.0	0.0	1.0
34	36	66
0.7370842695236206	-0.302586168050766	0.6042749881744385	0.026325881481170654
0.33001062273979187	0.9414602518081665	0.06888788938522339	0.1069013923406601
-0.5897455215454102	0.1486409306526184	0.7937922477722168	-0.21842992305755615
0.0	0.0	0.0	1.0
34	37	66
0.6900771260261536	-0.3117612600326538	0.6531453728675842	0.028353333473205566
0.3056257665157318	0.9435787796974182	0.12748456001281738	0.14114640653133392
-0.656038761138916	0.11164377629756927	0.7464242577552795	-0.2745368480682373
0.0	0.0	0.0	1.0
34	64	66
-0.6738917231559753	0.17983576655387878	-0.7166093587875366	0.5504086017608643
-0.4062719941139221	0.719922661781311	0.5627208948135376	-1.8201406002044678
0.6171006560325623	0.6703510284423828	-0.41208764910697937	3.97813081741333
0.0	0.0	0.0	1.0
34	65	66
-0.2990038990974426	0.33732616901397705	-0.8926408886909485	1.2446842193603516
-0.3730621933937073	0.819664716720581	0.4347118139266968	-1.7645108699798584
0.878305971622467	0.46299105882644653	-0.11923956871032715	3.598212718963623
0.0	0.0	0.0	1.0
35	36	66
0.9453492164611816	-0.16559123992919922	0.2808815538883209	-0.08532145619392395
0.17783311009407043	0.9838871359825134	-0.018482238054275513	0.06315021216869354
-0.27329525351524353	0.06742238998413086	0.9595645070075989	-0.09853482246398926
0.0	0.0	0.0	1.0
35	37	66
0.9263570308685303	-0.1489778757095337	0.3459305763244629	-0.037613749504089355
0.14860977232456207	0.9885063171386719	0.027750790119171143	0.09014962613582611
-0.34608882665634155	0.0257016122341156	0.9378495216369629	-0.154130220413208
0.0	0.0	0.0	1.0
35	38	66
0.8395347595214844	-0.23383380472660065	0.490411639213562	-0.14496493339538574
0.2448408305644989	0.9686224460601807	0.04270750284194946	0.08609062433242798
-0.4850100874900818	0.08421826362609863	0.8704441785812378	-0.10579252243041992
0.0	0.0	0.0	1.0
35	45	66
0.48959746956825256	-0.1405707597732544	0.8605427742004395	-0.7797551155090332
0.5282908082008362	0.8329758048057556	-0.16449806094169617	-0.03912478685379028
-0.6936879754066467	0.5351545810699463	0.4820854067802429	-0.2357008457183838
0.0	0.0	0.0	1.0
35	46	66
0.47117581963539124	-0.25181394815444946	0.845329999923706	-0.8984546065330505
0.4538972079753876	0.890967607498169	0.012412503361701965	-0.056133419275283813
-0.7562874555587769	0.37784460186958313	0.5341000556945801	0.07275557518005371
0.0	0.0	0.0	1.0
35	47	66
0.3046105206012726	-0.5412662625312805	0.7837367653846741	-1.2213457822799683
0.5132565498352051	0.7864328026771545	0.34364351630210876	-0.1297740340232849
-0.8023591041564941	0.2975804805755615	0.5173642635345459	0.3797856569290161
0.0	0.0	0.0	1.0
35	48	66
0.23598822951316833	-0.6319162845611572	0.7382354736328125	-1.5940299034118652
0.4635869264602661	0.7408802509307861	0.48598766326904297	-0.1466134488582611
-0.8540474772453308	0.22754889726638794	0.46778684854507446	0.48084986209869385
0.0	0.0	0.0	1.0
35	49	66
0.2736564576625824	-0.5355642437934875	0.798926055431366	-1.493552565574646
0.48727139830589294	0.7933475971221924	0.36491936445236206	-0.3144918382167816
-0.8292637467384338	0.2894313931465149	0.4780700206756592	0.7232421636581421
0.0	0.0	0.0	1.0
36	37	66
0.996610164642334	0.029451608657836914	0.07682029902935028	0.050268590450286865
-0.031350672245025635	0.9992290735244751	0.02363431453704834	0.033641695976257324
-0.07606494426727295	-0.0259627103805542	0.9967648983001709	-0.03979015350341797
0.0	0.0	0.0	1.0
36	38	66
0.9600351452827454	-0.08554413914680481	0.2664867043495178	-0.1365918517112732
0.08459396660327911	0.9963021874427795	0.015065699815750122	0.05103065073490143
-0.26678991317749023	0.008079051971435547	0.9637209177017212	-0.025894880294799805
0.0	0.0	0.0	1.0
36	39	66
0.7206206917762756	-0.279173880815506	0.6346393823623657	-0.12700462341308594
0.3099929094314575	0.9484973549842834	0.06524711847305298	-0.0012788400053977966
-0.6201692223548889	0.14971542358398438	0.7700488567352295	0.03419351577758789
0.0	0.0	0.0	1.0
36	45	66
0.7341694235801697	-0.11560340970754623	0.6690525412559509	-0.7106325030326843
0.4010500907897949	0.8689619302749634	-0.28993797302246094	0.05936610698699951
-0.5478631258010864	0.4811874032020569	0.6843279600143433	-0.30879902839660645
0.0	0.0	0.0	1.0
36	46	66
0.7240449786186218	-0.1792466640472412	0.6660552024841309	-0.8716729283332825
0.3162650465965271	0.944426417350769	-0.08963951468467712	0.024059176445007324
-0.6129724383354187	0.27555325627326965	0.7404966354370117	-0.050597429275512695
0.0	0.0	0.0	1.0
36	47	66
0.5935207605361938	-0.44666752219200134	0.6694934964179993	-1.2666679620742798
0.395681232213974	0.8863250017166138	0.24055133759975433	0.03579869866371155
-0.700835108757019	0.12213349342346191	0.7027899026870728	0.15716397762298584
0.0	0.0	0.0	1.0
36	48	66
0.5489437580108643	-0.5234999656677246	0.6516202688217163	-1.6095393896102905
0.35868245363235474	0.8516881465911865	0.3820663392543793	0.0951768308877945
-0.7549885511398315	0.023991554975509644	0.6552990078926086	0.12086093425750732
0.0	0.0	0.0	1.0
36	49	66
0.5758104920387268	-0.43864449858665466	0.6899515986442566	-1.6115894317626953
0.36816510558128357	0.8926018476486206	0.2602232098579407	-0.08762812614440918
-0.7299976348876953	0.10417678952217102	0.6754633188247681	0.39905667304992676
0.0	0.0	0.0	1.0
36	52	66
0.5013760328292847	-0.19965681433677673	0.8418781161308289	-1.792578935623169
0.40412458777427673	0.9143938422203064	-0.023820199072360992	-0.7080415487289429
-0.765052318572998	0.3521665632724762	0.5391415953636169	1.7119982242584229
0.0	0.0	0.0	1.0
37	38	66
0.9742540717124939	-0.12002748996019363	0.1908477395772934	-0.20074006915092468
0.1255674660205841	0.9919366836547852	-0.01716005802154541	0.046142056584358215
-0.18724912405014038	0.04068240523338318	0.9814696907997131	-0.0036275386810302734
0.0	0.0	0.0	1.0
37	39	66
0.751150369644165	-0.312032550573349	0.5817290544509888	-0.2232791781425476
0.3408607244491577	0.9380004405975342	0.06300017237663269	-0.04493100941181183
-0.5653203725814819	0.15096603333950043	0.8109391331672668	0.07359647750854492
0.0	0.0	0.0	1.0
37	45	66
0.7587268948554993	-0.17604471743106842	0.6271697282791138	-0.7829537391662598
0.44344455003738403	0.8448468446731567	-0.29931676387786865	0.0489809513092041
-0.4771692454814911	0.505214512348175	0.7190741300582886	-0.3241002559661865
0.0	0.0	0.0	1.0
37	46	66
0.7553461790084839	-0.2259771227836609	0.6151312589645386	-0.9661456942558289
0.36240696907043457	0.926109790802002	-0.10479570925235748	0.0038149654865264893
-0.5459976196289062	0.3020848035812378	0.7814291715621948	-0.08465051651000977
0.0	0.0	0.0	1.0
37	47	66
0.6255596876144409	-0.4844653606414795	0.6115293502807617	-1.378721833229065
0.4416036605834961	0.8660576343536377	0.23437216877937317	-0.02059672772884369
-0.643164873123169	0.12343975901603699	0.7557125091552734	0.09551715850830078
0.0	0.0	0.0	1.0
37	48	66
0.5899719595909119	-0.5519303679466248	0.5893266201019287	-1.7121450901031494
0.40251994132995605	0.8337682485580444	0.3778999447822571	0.028531759977340698
-0.6999362707138062	0.014265388250350952	0.7140628099441528	0.03309333324432373
0.0	0.0	0.0	1.0
37	49	66
0.6134779453277588	-0.4724515378475189	0.6327989101409912	-1.7281451225280762
0.41563770174980164	0.8745068311691284	0.249965101480484	-0.15045005083084106
-0.6714834570884705	0.10966697335243225	0.7328593730926514	0.30324697494506836
0.0	0.0	0.0	1.0
38	39	66
0.8678854703903198	-0.23049476742744446	0.4400539994239807	-0.08411598205566406
0.24063722789287567	0.9700368642807007	0.033502936363220215	-0.10406695306301117
-0.4345909357070923	0.07681682705879211	0.8973461389541626	0.10800909996032715
0.0	0.0	0.0	1.0
38	44	66
0.7516279816627502	-0.238229900598526	0.6150626540184021	-0.45779454708099365
0.36812925338745117	0.9252626895904541	-0.09148827195167542	0.15544138848781586
-0.5472992658615112	0.2951875925064087	0.78315269947052	-0.4228847026824951
0.0	0.0	0.0	1.0
38	45	66
0.8996351361274719	-0.16394223272800446	0.40469712018966675	-0.4313706159591675
0.3124105930328369	0.8891911506652832	-0.3342735171318054	0.02139737457036972
-0.30505165457725525	0.4271557331085205	0.8511648774147034	-0.43860411643981934
0.0	0.0	0.0	1.0
38	46	66
0.8911973237991333	-0.157537043094635	0.42538148164749146	-0.7230495810508728
0.24317118525505066	0.9575457572937012	-0.15483656525611877	0.06814154982566833
-0.38292962312698364	0.24143025279045105	0.8916705846786499	-0.2358558177947998
0.0	0.0	0.0	1.0
38	47	66
0.790623664855957	-0.3829174041748047	0.4777956008911133	-1.1633999347686768
0.3419749438762665	0.9234256744384766	0.17417973279953003	0.11671808362007141
-0.5079050660133362	0.025683343410491943	0.861030101776123	-0.12810635566711426
0.0	0.0	0.0	1.0
38	48	66
0.7556263208389282	-0.4429733157157898	0.4824967682361603	-1.480242133140564
0.31331968307495117	0.8913369178771973	0.3276413381099701	0.1841469258069992
-0.5752037763595581	-0.09639865159988403	0.8123101592063904	-0.2587308883666992
0.0	0.0	0.0	1.0
38	49	66
0.7743590474128723	-0.3770277202129364	0.508152425289154	-1.5741292238235474
0.3265077769756317	0.9260035753250122	0.18949994444847107	0.034155040979385376
-0.5419976115226746	0.019174575805664062	0.8401614427566528	0.003618478775024414
0.0	0.0	0.0	1.0
39	40	66
0.7922744750976562	-0.23419152200222015	0.5634317994117737	-0.03784656524658203
0.26400530338287354	0.9640704989433289	0.02948439121246338	0.11186773329973221
-0.5500930547714233	0.12538908421993256	0.8256362080574036	-0.22847521305084229
0.0	0.0	0.0	1.0
39	43	66
0.6580116152763367	-0.21209491789340973	0.7225210070610046	-0.1523756980895996
0.3619491159915924	0.9304847717285156	-0.05649036169052124	0.24574464559555054
-0.6603136658668518	0.2986871302127838	0.6890371441841125	-0.5319727659225464
0.0	0.0	0.0	1.0
39	44	66
0.9819986820220947	-0.10781015455722809	0.15509918332099915	0.018537476658821106
0.13243432343006134	0.9784585237503052	-0.15836673974990845	0.25751417875289917
-0.13468456268310547	0.17605644464492798	0.9751228094100952	-0.6402051448822021
0.0	0.0	0.0	1.0
39	45	66
0.9870892763137817	-0.11819523572921753	-0.10809484124183655	0.005782999098300934
0.07257464528083801	0.9316662549972534	-0.35599228739738464	0.17172899842262268
0.14278489351272583	0.3435512185096741	0.9282158613204956	-0.6532468795776367
0.0	0.0	0.0	1.0
39	46	66
0.9972238540649414	-0.016254648566246033	-0.07266560196876526	-0.31947290897369385
0.0033001601696014404	0.9845714569091797	-0.1749516725540161	0.2736741304397583
0.07438836991786957	0.17422643303871155	0.9818917512893677	-0.6077365875244141
0.0	0.0	0.0	1.0
39	47	66
0.9884966611862183	-0.1340474933385849	0.0700426772236824	-0.7736848592758179
0.1248665302991867	0.9846247434616089	0.12215954065322876	0.4616827368736267
-0.08534097671508789	-0.11200836300849915	0.990035891532898	-0.7084693908691406
0.0	0.0	0.0	1.0
39	48	66
-0.45622318983078003	0.21793323755264282	-0.8627658486366272	1.400454044342041
0.6831002831459045	0.7071287631988525	-0.18259823322296143	1.1716426610946655
0.5702926516532898	-0.672661304473877	-0.4714791476726532	3.4527037143707275
0.0	0.0	0.0	1.0
39	49	66
0.9887966513633728	-0.10458193719387054	0.10650629550218582	-1.1754146814346313
0.08997122198343277	0.9869158864021301	0.13379788398742676	0.47538048028945923
-0.11910562217235565	-0.1227160096168518	0.985268771648407	-0.7806143760681152
0.0	0.0	0.0	1.0
40	41	66
0.8837777376174927	-0.16909372806549072	0.4362841248512268	0.037702858448028564
0.18059533834457397	0.9834381341934204	0.015327155590057373	0.06348047405481339
-0.4316500127315521	0.065245121717453	0.8996784090995789	-0.15838146209716797
0.0	0.0	0.0	1.0
40	42	66
0.9161143898963928	-0.03834933787584305	0.39907845854759216	-0.007933437824249268
0.19224724173545837	0.9155279397964478	-0.3533405363559723	0.05060085654258728
-0.35181713104248047	0.40042200684547424	0.846100926399231	-0.2694971561431885
0.0	0.0	0.0	1.0
40	43	66
0.9792129993438721	-0.08751736581325531	0.18298420310020447	0.10532231628894806
0.11405307799577713	0.9835731983184814	-0.13991639018058777	0.11772553622722626
-0.16773320734500885	0.1578776091337204	0.9731085300445557	-0.30924177169799805
0.0	0.0	0.0	1.0
40	44	66
0.8471934795379639	0.1672552227973938	-0.5042702555656433	0.4817839562892914
-0.19414721429347992	0.9809722304344177	-0.0008082687854766846	-0.06822910159826279
0.49453991651535034	0.09858745336532593	0.8635455369949341	-0.257504940032959
0.0	0.0	0.0	1.0
40	45	66
0.7410706877708435	0.37685006856918335	-0.5556960105895996	-0.36578235030174255
-0.41780978441238403	0.9067002534866333	0.057699501514434814	-0.31707730889320374
0.5255938172340393	0.18941578269004822	0.8293807506561279	-0.45729517936706543
0.0	0.0	0.0	1.0
40	46	66
0.7215167284011841	0.17432555556297302	-0.6700927019119263	0.11004102230072021
-0.23760098218917847	0.9713576436042786	-0.0031350404024124146	0.11841423809528351
0.6503532528877258	0.16147670149803162	0.7422707676887512	-0.4367499351501465
0.0	0.0	0.0	1.0
40	47	66
0.42635613679885864	-0.45172426104545593	0.7836873531341553	-0.9065325260162354
0.45486980676651	0.8559356927871704	0.2459021657705307	0.00886373221874237
-0.7818658351898193	0.2516336441040039	0.5704089999198914	0.34991908073425293
0.0	0.0	0.0	1.0
41	42	66
0.9957343339920044	-0.04995202273130417	-0.07757902145385742	0.015325821936130524
0.02017543837428093	0.9383089542388916	-0.3452090919017792	-0.04908464848995209
0.09003700315952301	0.3421710729598999	0.9353139996528625	-0.12304401397705078
0.0	0.0	0.0	1.0
41	43	66
0.9620295763015747	0.04221463203430176	-0.2696606516838074	0.1297910213470459
-0.07297687232494354	0.9917816519737244	-0.10508856177330017	0.02426058053970337
0.2630080580711365	0.12077726423740387	0.9572041034698486	-0.10372591018676758
0.0	0.0	0.0	1.0
42	43	66
0.9789789319038391	0.06623663753271103	-0.1929071843624115	0.1351216435432434
-0.014972902834415436	0.966587245464325	0.25590139627456665	0.03562891483306885
0.20341148972511292	-0.24763387441635132	0.9472602009773254	-0.006215333938598633
0.0	0.0	0.0	1.0
44	45	66
0.9590092897415161	-0.03959539532661438	-0.28059500455856323	-0.012964755296707153
-0.010533124208450317	0.9845250248908997	-0.17492827773094177	-0.08363059163093567
0.2831791639328003	0.17071324586868286	0.9437510967254639	0.001153707504272461
0.0	0.0	0.0	1.0
44	46	66
0.9686535000801086	0.0978606790304184	-0.2283281534910202	-0.31177425384521484
-0.09901268780231476	0.995065450668335	0.006433010101318359	0.06671565771102905
0.22783096134662628	0.016375988721847534	0.9735630750656128	-0.02574300765991211
0.0	0.0	0.0	1.0
44	47	66
0.9980765581130981	0.037941381335258484	-0.04902663454413414	-0.708285927772522
-0.02130967751145363	0.9526221752166748	0.30340859293937683	0.21832361817359924
0.05821560323238373	-0.30177998542785645	0.9515985250473022	-0.22484660148620605
0.0	0.0	0.0	1.0
44	48	66
-0.36020427942276	0.8763376474380493	-0.3198202848434448	0.2821509838104248
0.8964577913284302	0.4200189411640167	0.14123699069023132	0.8928490877151489
0.25810182094573975	-0.23583126068115234	-0.9368923306465149	4.793814659118652
0.0	0.0	0.0	1.0
44	49	66
0.9981861710548401	0.04976489394903183	-0.033879995346069336	-1.0567773580551147
-0.03743520379066467	0.9538064002990723	0.2980797588825226	0.295964777469635
0.04714909940958023	-0.2962705194950104	0.9539394378662109	-0.36191606521606445
0.0	0.0	0.0	1.0
44	50	66
0.992256760597229	0.11631017923355103	-0.04357372224330902	-1.418527364730835
-0.1175670325756073	0.9926849603652954	-0.027474194765090942	0.1302916407585144
0.040059514343738556	0.03238403797149658	0.9986724853515625	-0.01818394660949707
0.0	0.0	0.0	1.0
45	46	66
0.9948215484619141	0.08635516464710236	0.05360338091850281	-0.30786269903182983
-0.09494192898273468	0.9778045415878296	0.1867731809616089	0.1449231505393982
-0.03628456965088844	-0.19089511036872864	0.9809395670890808	0.05194830894470215
0.0	0.0	0.0	1.0
45	47	66
0.9750038385391235	-0.05588696151971817	0.2150460183620453	-0.7291483879089355
-0.049678735435009	0.888515055179596	0.4561502933502197	0.30531638860702515
-0.21656447649002075	-0.4554314911365509	0.8635290861129761	-0.06595706939697266
0.0	0.0	0.0	1.0
45	48	66
0.9558837413787842	-0.0822409838438034	0.2819975018501282	-0.949062168598175
-0.09238320589065552	0.8271266222000122	0.5543709993362427	0.40893763303756714
-0.2788396179676056	-0.555965781211853	0.7830392122268677	-0.3567647933959961
0.0	0.0	0.0	1.0
45	49	66
0.9702069759368896	-0.03790111094713211	0.23929542303085327	-1.1244392395019531
-0.07927203178405762	0.8836626410484314	0.4613634943962097	0.34516823291778564
-0.2289426028728485	-0.466587632894516	0.8543311357498169	-0.10473322868347168
0.0	0.0	0.0	1.0
46	47	66
0.9834739565849304	-0.12178896367549896	0.13396479189395905	-0.4259275197982788
0.07626554369926453	0.9497584104537964	0.303549587726593	0.13177180290222168
-0.16420327126979828	-0.28831636905670166	0.943351149559021	-0.10788798332214355
0.0	0.0	0.0	1.0
46	48	66
0.9711121916770935	-0.13804462552070618	0.19463962316513062	-0.6471948623657227
0.04312834143638611	0.9037832021713257	0.4258120059967041	0.25033891201019287
-0.23469318449497223	-0.40511655807495117	0.883628785610199	-0.3783228397369385
0.0	0.0	0.0	1.0
46	49	66
0.979487419128418	-0.11593931913375854	0.16480964422225952	-0.8480621576309204
0.06162615120410919	0.9510614275932312	0.30279383063316345	0.1654270589351654
-0.19184985756874084	-0.28642621636390686	0.9386978149414062	-0.16069698333740234
0.0	0.0	0.0	1.0
47	48	66
0.997219443321228	-0.00338195264339447	0.07444649189710617	-0.160342738032341
-0.006257399916648865	0.9916421175003052	0.12886661291122437	0.2072380781173706
-0.07426000386476517	-0.12897410988807678	0.9888636469841003	-0.2447352409362793
0.0	0.0	0.0	1.0
47	49	66
0.9997842311859131	0.0007795840501785278	0.020759180188179016	-0.40115803480148315
-0.000762447714805603	0.999999463558197	-0.0008286833763122559	0.0896868109703064
-0.020759761333465576	0.0008125007152557373	0.9997842311859131	-0.09212779998779297
0.0	0.0	0.0	1.0
48	49	66
0.9986679553985596	-0.0009732842445373535	-0.05158422887325287	-0.2588679790496826
-0.005624338984489441	0.9918099641799927	-0.12759798765182495	-0.14059454202651978
0.05128595232963562	0.12771809101104736	0.9904835224151611	0.11590385437011719
0.0	0.0	0.0	1.0
49	50	66
0.9971511363983154	0.07532259821891785	0.004064321517944336	-0.33620914816856384
-0.06972964107990265	0.940982460975647	-0.33119523525238037	-0.2437991201877594
-0.028771191835403442	0.3299682140350342	0.9435535073280334	0.273160457611084
0.0	0.0	0.0	1.0
50	51	66
0.9940932989120483	0.020197242498397827	-0.10663202404975891	-0.2997969090938568
-0.018810629844665527	0.9997249245643616	0.013993978500366211	-0.042874157428741455
0.10688544064760208	-0.01190541684627533	0.9941999316215515	0.18577218055725098
0.0	0.0	0.0	1.0
51	52	66
0.9825091361999512	-0.11195141077041626	0.14880427718162537	-0.5586814880371094
0.11210525035858154	0.9936692118644714	0.007379993796348572	-0.06746245920658112
-0.14868848025798798	0.009430333971977234	0.9888392686843872	0.34248924255371094
0.0	0.0	0.0	1.0
51	53	66
0.9579045176506042	-0.14048105478286743	0.2503686547279358	-0.8877829313278198
0.16184593737125397	0.9845540523529053	-0.06678812205791473	0.005557956174015999
-0.23711884021759033	0.10449748486280441	0.9658442735671997	0.6673212051391602
0.0	0.0	0.0	1.0
52	53	66
0.9960368275642395	0.002000190317630768	0.08892175555229187	-0.3710288107395172
0.0011454150080680847	0.9993757009506226	-0.03531092405319214	-0.03545476496219635
-0.08893674612045288	0.03527289628982544	0.9954124689102173	0.30063891410827637
0.0	0.0	0.0	1.0
53	54	66
0.9779086709022522	0.01962544396519661	-0.20810925960540771	-0.024325281381607056
-0.04953993484377861	0.9889788031578064	-0.13952411711215973	-0.1411333680152893
0.20307758450508118	0.14675135910511017	0.9681032299995422	0.33150148391723633
0.0	0.0	0.0	1.0
54	55	66
0.972751796245575	0.01587998867034912	-0.23130369186401367	0.06942075490951538
-0.0025278031826019287	0.9983184933662415	0.05790799856185913	-0.011278510093688965
0.2318342924118042	-0.05574550852179527	0.9711567759513855	0.0004754066467285156
0.0	0.0	0.0	1.0
55	56	66
0.8854129314422607	0.17505115270614624	-0.43058228492736816	0.04184746742248535
-0.04797406494617462	0.9558406472206116	0.28994256258010864	0.0676226019859314
0.46232280135154724	-0.2360619604587555	0.854711651802063	0.04598045349121094
0.0	0.0	0.0	1.0
56	57	66
0.8818842172622681	0.19563445448875427	-0.4289606809616089	0.10083293914794922
-0.1814957857131958	0.9805968999862671	0.07408618927001953	-0.1082054078578949
0.4351315200328827	0.012519344687461853	0.9002799391746521	0.21088719367980957
0.0	0.0	0.0	1.0
58	59	66
0.9324760437011719	0.16129034757614136	-0.32322433590888977	0.23734593391418457
-0.15682491660118103	0.98681640625	0.03999830782413483	-0.3308923840522766
0.3254144489765167	0.013391868211328983	0.9454768300056458	0.6251580715179443
0.0	0.0	0.0	1.0
58	60	66
0.755233108997345	0.3104374408721924	-0.5772790908813477	0.5917694568634033
-0.2688305974006653	0.9499490261077881	0.15914323925971985	-0.6026507019996643
0.5977899432182312	0.034999921917915344	0.8008882999420166	1.1608221530914307
0.0	0.0	0.0	1.0
58	61	66
0.4639558494091034	0.4181365370750427	-0.7809651494026184	0.9707587957382202
-0.367508202791214	0.892998456954956	0.25979095697402954	-0.7441257238388062
0.8060287237167358	0.16647927463054657	0.5679807662963867	1.4063447713851929
0.0	0.0	0.0	1.0
58	62	66
-0.2537405490875244	0.43985432386398315	-0.8614776730537415	1.1678941249847412
-0.3338446021080017	0.796073853969574	0.504791259765625	-1.072947382926941
0.9078345894813538	0.4156856834888458	-0.055153220891952515	2.065319776535034
0.0	0.0	0.0	1.0
59	60	66
0.9435940384864807	0.16269919276237488	-0.2883736789226532	0.5293564200401306
-0.14518071711063385	0.9860607981681824	0.0812821090221405	-0.21421262621879578
0.2975783944129944	-0.03483102470636368	0.9540618658065796	0.37683165073394775
0.0	0.0	0.0	1.0
59	61	66
0.7264046669006348	0.31350913643836975	-0.6115949749946594	1.1087145805358887
-0.27184295654296875	0.9483888149261475	0.16327902674674988	-0.3466290533542633
0.6312191486358643	0.04765146225690842	0.774139404296875	0.567628026008606
0.0	0.0	0.0	1.0
59	62	66
0.4146868884563446	0.38584476709365845	-0.8241106271743774	1.428624153137207
-0.3592991232872009	0.901492714881897	0.241277813911438	-0.377297043800354
0.8360252380371094	0.19604772329330444	0.5124710202217102	0.6058105230331421
0.0	0.0	0.0	1.0
60	61	66
0.9152001738548279	0.1713937669992447	-0.36473608016967773	0.6182959675788879
-0.17123812437057495	0.9846751689910889	0.03303752839565277	-0.038027308881282806
0.36480915546417236	0.03222063183784485	0.9305245280265808	0.0013092756271362305
0.0	0.0	0.0	1.0
60	62	66
0.684516191482544	0.28227800130844116	-0.6721283197402954	0.9678624272346497
-0.3107607364654541	0.9470104575157166	0.08123376220464706	-0.012869060039520264
0.6594431400299072	0.15326540172100067	0.7359650731086731	-0.031432390213012695
0.0	0.0	0.0	1.0
60	63	66
0.4649362564086914	0.39211592078208923	-0.7937754392623901	0.9198664426803589
-0.44437333941459656	0.8788124918937683	0.17384174466133118	-0.037559233605861664
0.7657457590103149	0.2719072699546814	0.5828375816345215	0.0438687801361084
0.0	0.0	0.0	1.0
61	62	66
0.9173163771629333	0.14874961972236633	-0.36932915449142456	0.3246955871582031
-0.16167844831943512	0.9868349432945251	-0.004112832248210907	0.06651691347360611
0.3638550937175751	0.06348521262407303	0.9292894601821899	-0.15811944007873535
0.0	0.0	0.0	1.0
61	63	66
0.7555095553398132	0.3007999658584595	-0.5820003151893616	0.39227283000946045
-0.32056188583374023	0.9444862008094788	0.072016641497612	0.0051202718168497086
0.5713539123535156	0.13215754926204681	0.809993326663971	-0.041192054748535156
0.0	0.0	0.0	1.0
62	63	66
0.9503079652786255	0.165132075548172	-0.26390525698661804	0.14558696746826172
-0.1624995470046997	0.9861919283866882	0.03193286061286926	-0.031138218939304352
0.265534371137619	0.012538433074951172	0.9640198945999146	0.08885931968688965
0.0	0.0	0.0	1.0
62	64	66
0.937940239906311	0.1439651995897293	-0.3155028223991394	-0.3859557807445526
-0.13878276944160461	0.9895561933517456	0.03895898163318634	-0.11739860475063324
0.31781643629074097	0.007245481014251709	0.9481245279312134	0.4002399444580078
0.0	0.0	0.0	1.0
63	64	66
0.9975077509880066	-0.032376646995544434	-0.0626915693283081	-0.3886232078075409
0.03227439522743225	0.9994755983352661	-0.002642810344696045	-0.16917309165000916
0.06274421513080597	0.0006127655506134033	0.9980295896530151	0.4437887668609619
0.0	0.0	0.0	1.0
63	65	66
0.9175647497177124	-0.3803521394729614	0.11579015851020813	-0.6851874589920044
0.3616562485694885	0.9194477796554565	0.15433856844902039	-0.3646702766418457
-0.1651659905910492	-0.09973964095115662	0.9812095165252686	-0.005024433135986328
0.0	0.0	0.0	1.0
64	65	66
0.9935889840126038	-0.08466994762420654	0.07491163909435272	-0.4430661201477051
0.08957543969154358	0.9938737154006958	-0.06474260985851288	-0.2263028621673584
-0.06897091865539551	0.07103771716356277	0.9950861930847168	0.6083009243011475
0.0	0.0	0.0	1.0
